#
# There is insufficient memory for the Java Runtime Environment to continue.
# Native memory allocation (mmap) failed to map 115343360 bytes for G1 virtual space
# Possible reasons:
#   The system is out of physical RAM or swap space
#   The process is running with CompressedOops enabled, and the Java Heap may be blocking the growth of the native heap
# Possible solutions:
#   Reduce memory load on the system
#   Increase physical memory or swap space
#   Check if swap backing store is full
#   Decrease Java heap size (-Xmx/-Xms)
#   Decrease number of Java threads
#   Decrease Java thread stack sizes (-Xss)
#   Set larger code cache with -XX:ReservedCodeCacheSize=
#   JVM is running with Zero Based Compressed Oops mode in which the Java heap is
#     placed in the first 32GB address space. The Java Heap base address is the
#     maximum limit for the native heap growth. Please use -XX:HeapBaseMinAddress
#     to set the Java Heap base and to place the Java Heap above 32GB virtual address.
# This output file may be truncated or incomplete.
#
#  Out of Memory Error (os_windows.cpp:3550), pid=13736, tid=1444
#
# JRE version: Java(TM) SE Runtime Environment (17.0.6+9) (build 17.0.6+9-LTS-190)
# Java VM: Java HotSpot(TM) 64-Bit Server VM (17.0.6+9-LTS-190, mixed mode, sharing, tiered, compressed oops, compressed class ptrs, g1 gc, windows-amd64)
# No core dump will be written. Minidumps are not enabled by default on client versions of Windows
#

---------------  S U M M A R Y ------------

Command Line: --add-opens=java.base/java.util=ALL-UNNAMED --add-opens=java.base/java.lang=ALL-UNNAMED --add-opens=java.base/java.lang.invoke=ALL-UNNAMED --add-opens=java.prefs/java.util.prefs=ALL-UNNAMED --add-opens=java.base/java.nio.charset=ALL-UNNAMED --add-opens=java.base/java.net=ALL-UNNAMED --add-opens=java.base/java.util.concurrent.atomic=ALL-UNNAMED -Xmx3G -Dfile.encoding=windows-31j -Duser.country=JP -Duser.language=ja -Duser.variant -javaagent:C:\Users\hornr\.gradle\wrapper\dists\gradle-8.4-all\56r6xik2f6skrm47et0ibifug\gradle-8.4\lib\agents\gradle-instrumentation-agent-8.4.jar org.gradle.launcher.daemon.bootstrap.GradleDaemon 8.4

Host: Intel(R) Core(TM) i7-10510U CPU @ 1.80GHz, 8 cores, 15G,  Windows 10 , 64 bit Build 19041 (10.0.19041.3636)
Time: Mon Feb 26 18:56:18 2024  Windows 10 , 64 bit Build 19041 (10.0.19041.3636) elapsed time: 19.019859 seconds (0d 0h 0m 19s)

---------------  T H R E A D  ---------------

Current thread (0x000002967b789ed0):  VMThread "VM Thread" [stack: 0x000000fd6f700000,0x000000fd6f800000] [id=1444]

Stack: [0x000000fd6f700000,0x000000fd6f800000]
Native frames: (J=compiled Java code, j=interpreted, Vv=VM code, C=native code)
V  [jvm.dll+0x6734ea]
V  [jvm.dll+0x7d18f4]
V  [jvm.dll+0x7d309e]
V  [jvm.dll+0x7d3703]
V  [jvm.dll+0x2433c5]
V  [jvm.dll+0x6703f9]
V  [jvm.dll+0x664d32]
V  [jvm.dll+0x300086]
V  [jvm.dll+0x307606]
V  [jvm.dll+0x356c1e]
V  [jvm.dll+0x356e4f]
V  [jvm.dll+0x2d72e8]
V  [jvm.dll+0x2d57e5]
V  [jvm.dll+0x2d4dec]
V  [jvm.dll+0x3186a1]
V  [jvm.dll+0x7d7f0b]
V  [jvm.dll+0x7d8c44]
V  [jvm.dll+0x7d915d]
V  [jvm.dll+0x7d9534]
V  [jvm.dll+0x7d9600]
V  [jvm.dll+0x781a7a]
V  [jvm.dll+0x672375]
C  [ucrtbase.dll+0x21bb2]
C  [KERNEL32.DLL+0x17344]
C  [ntdll.dll+0x526b1]

VM_Operation (0x000000fd711f5ec8): G1TryInitiateConcMark, mode: safepoint, requested by thread 0x000002967d4af4c0


---------------  P R O C E S S  ---------------

Threads class SMR info:
_java_thread_list=0x00000296019623d0, length=84, elements={
0x000002965af72760, 0x000002967b790790, 0x000002967b791050, 0x000002967b7a3850,
0x000002967b7a4110, 0x000002967b7a69e0, 0x000002967b7b56e0, 0x000002967b7bbf10,
0x000002967b7bf9d0, 0x000002967b7cbf00, 0x000002967b228580, 0x000002967b95d500,
0x000002967e1b5020, 0x000002967d449030, 0x000002967d60ebb0, 0x000002967d71c2a0,
0x000002967d6e5920, 0x000002967d801ae0, 0x000002967d4af4c0, 0x000002967d7e7680,
0x000002967db417c0, 0x000002967db3ffb0, 0x000002967db40480, 0x000002967db40e20,
0x000002967db412f0, 0x000002967db41c90, 0x000002967db3e2d0, 0x000002967db3e7a0,
0x000002967db3fae0, 0x000002967db3ec70, 0x000002967db3f140, 0x000002967db3f610,
0x000002967e886d40, 0x000002967e88bf10, 0x000002967e88c3e0, 0x000002967e887210,
0x000002967e888080, 0x000002967e889d60, 0x000002967e886870, 0x000002967e88b0a0,
0x000002967e88c8b0, 0x000002967e888550, 0x000002967e885ed0, 0x000002967e8863a0,
0x000002967e887bb0, 0x000002967e885530, 0x000002967e888a20, 0x000002967e88a230,
0x000002967e888ef0, 0x000002967e88abd0, 0x000002967e889890, 0x000002967e8876e0,
0x000002967e885a00, 0x000002967d4cfa50, 0x000002967d4cf0b0, 0x000002967d4c8200,
0x000002967d4cdd70, 0x000002967d4c8ba0, 0x000002967d4c9a10, 0x000002967d4c86d0,
0x000002967d4ce240, 0x000002967d4c9070, 0x000002967d4cd3d0, 0x000002967d4c9540,
0x000002967d4ca3b0, 0x000002967d4cd8a0, 0x000002967d4cad50, 0x000002967d4ce710,
0x000002967d4cebe0, 0x000002967d4cc090, 0x000002967d4cc560, 0x00000296039e7a80,
0x00000296039e70e0, 0x00000296039e40c0, 0x00000296039e4590, 0x00000296039e4a60,
0x00000296039e58d0, 0x00000296039e4f30, 0x00000296039e5400, 0x00000296039e5da0,
0x00000296039e6270, 0x000002967fa32660, 0x000002967fa2f170, 0x000002967fa31320
}

Java Threads: ( => current thread )
  0x000002965af72760 JavaThread "main" [_thread_blocked, id=18372, stack(0x000000fd6f100000,0x000000fd6f200000)]
  0x000002967b790790 JavaThread "Reference Handler" daemon [_thread_blocked, id=16600, stack(0x000000fd6f800000,0x000000fd6f900000)]
  0x000002967b791050 JavaThread "Finalizer" daemon [_thread_blocked, id=8004, stack(0x000000fd6f900000,0x000000fd6fa00000)]
  0x000002967b7a3850 JavaThread "Signal Dispatcher" daemon [_thread_blocked, id=13188, stack(0x000000fd6fa00000,0x000000fd6fb00000)]
  0x000002967b7a4110 JavaThread "Attach Listener" daemon [_thread_blocked, id=4512, stack(0x000000fd6fb00000,0x000000fd6fc00000)]
  0x000002967b7a69e0 JavaThread "Service Thread" daemon [_thread_blocked, id=10028, stack(0x000000fd6fc00000,0x000000fd6fd00000)]
  0x000002967b7b56e0 JavaThread "Monitor Deflation Thread" daemon [_thread_blocked, id=8244, stack(0x000000fd6fd00000,0x000000fd6fe00000)]
  0x000002967b7bbf10 JavaThread "C2 CompilerThread0" daemon [_thread_blocked, id=19204, stack(0x000000fd6fe00000,0x000000fd6ff00000)]
  0x000002967b7bf9d0 JavaThread "C1 CompilerThread0" daemon [_thread_blocked, id=7068, stack(0x000000fd6ff00000,0x000000fd70000000)]
  0x000002967b7cbf00 JavaThread "Sweeper thread" daemon [_thread_blocked, id=16752, stack(0x000000fd70000000,0x000000fd70100000)]
  0x000002967b228580 JavaThread "Common-Cleaner" daemon [_thread_blocked, id=12640, stack(0x000000fd70100000,0x000000fd70200000)]
  0x000002967b95d500 JavaThread "Notification Thread" daemon [_thread_blocked, id=5372, stack(0x000000fd70200000,0x000000fd70300000)]
  0x000002967e1b5020 JavaThread "Daemon health stats" [_thread_blocked, id=11980, stack(0x000000fd70b00000,0x000000fd70c00000)]
  0x000002967d449030 JavaThread "Incoming local TCP Connector on port 51479" [_thread_in_native, id=16408, stack(0x000000fd70c00000,0x000000fd70d00000)]
  0x000002967d60ebb0 JavaThread "Daemon periodic checks" [_thread_blocked, id=8108, stack(0x000000fd70d00000,0x000000fd70e00000)]
  0x000002967d71c2a0 JavaThread "Daemon" [_thread_blocked, id=8720, stack(0x000000fd70e00000,0x000000fd70f00000)]
  0x000002967d6e5920 JavaThread "Handler for socket connection from /127.0.0.1:51479 to /127.0.0.1:51480" [_thread_in_native, id=10904, stack(0x000000fd70f00000,0x000000fd71000000)]
  0x000002967d801ae0 JavaThread "Cancel handler" [_thread_blocked, id=15024, stack(0x000000fd71000000,0x000000fd71100000)]
  0x000002967d4af4c0 JavaThread "Daemon worker" [_thread_blocked, id=15288, stack(0x000000fd71100000,0x000000fd71200000)]
  0x000002967d7e7680 JavaThread "Asynchronous log dispatcher for DefaultDaemonConnection: socket connection from /127.0.0.1:51479 to /127.0.0.1:51480" [_thread_blocked, id=3124, stack(0x000000fd71200000,0x000000fd71300000)]
  0x000002967db417c0 JavaThread "Stdin handler" [_thread_blocked, id=10036, stack(0x000000fd71300000,0x000000fd71400000)]
  0x000002967db3ffb0 JavaThread "Daemon client event forwarder" [_thread_blocked, id=8632, stack(0x000000fd71400000,0x000000fd71500000)]
  0x000002967db40480 JavaThread "Cache worker for journal cache (C:\Users\hornr\.gradle\caches\journal-1)" [_thread_blocked, id=772, stack(0x000000fd70400000,0x000000fd70500000)]
  0x000002967db40e20 JavaThread "File lock request listener" [_thread_in_native, id=15568, stack(0x000000fd70500000,0x000000fd70600000)]
  0x000002967db412f0 JavaThread "Cache worker for file hash cache (C:\Users\hornr\.gradle\caches\8.4\fileHashes)" [_thread_blocked, id=7644, stack(0x000000fd71500000,0x000000fd71600000)]
  0x000002967db41c90 JavaThread "File watcher server" daemon [_thread_in_native, id=1680, stack(0x000000fd71800000,0x000000fd71900000)]
  0x000002967db3e2d0 JavaThread "File watcher consumer" daemon [_thread_blocked, id=18324, stack(0x000000fd71900000,0x000000fd71a00000)]
  0x000002967db3e7a0 JavaThread "jar transforms" [_thread_blocked, id=12904, stack(0x000000fd71a00000,0x000000fd71b00000)]
  0x000002967db3fae0 JavaThread "jar transforms Thread 2" [_thread_blocked, id=9908, stack(0x000000fd71b00000,0x000000fd71c00000)]
  0x000002967db3ec70 JavaThread "jar transforms Thread 3" [_thread_blocked, id=19184, stack(0x000000fd71c00000,0x000000fd71d00000)]
  0x000002967db3f140 JavaThread "jar transforms Thread 4" [_thread_blocked, id=13560, stack(0x000000fd71d00000,0x000000fd71e00000)]
  0x000002967db3f610 JavaThread "jar transforms Thread 5" [_thread_blocked, id=13448, stack(0x000000fd71e00000,0x000000fd71f00000)]
  0x000002967e886d40 JavaThread "jar transforms Thread 6" [_thread_blocked, id=1012, stack(0x000000fd71f00000,0x000000fd72000000)]
  0x000002967e88bf10 JavaThread "jar transforms Thread 7" [_thread_blocked, id=9108, stack(0x000000fd72000000,0x000000fd72100000)]
  0x000002967e88c3e0 JavaThread "jar transforms Thread 8" [_thread_blocked, id=14144, stack(0x000000fd72100000,0x000000fd72200000)]
  0x000002967e887210 JavaThread "Cache worker for checksums cache (C:\Mods\1.20.4\49.0.30\BlockInfoHUD\.gradle\8.4\checksums)" [_thread_blocked, id=19160, stack(0x000000fd72500000,0x000000fd72600000)]
  0x000002967e888080 JavaThread "Cache worker for file hash cache (C:\Mods\1.20.4\49.0.30\BlockInfoHUD\.gradle\8.4\fileHashes)" [_thread_blocked, id=2792, stack(0x000000fd72600000,0x000000fd72700000)]
  0x000002967e889d60 JavaThread "Cache worker for cache directory md-supplier (C:\Users\hornr\.gradle\caches\8.4\md-supplier)" [_thread_blocked, id=18084, stack(0x000000fd72700000,0x000000fd72800000)]
  0x000002967e886870 JavaThread "Cache worker for file content cache (C:\Users\hornr\.gradle\caches\8.4\fileContent)" [_thread_blocked, id=8696, stack(0x000000fd72800000,0x000000fd72900000)]
  0x000002967e88b0a0 JavaThread "Cache worker for cache directory md-rule (C:\Users\hornr\.gradle\caches\8.4\md-rule)" [_thread_blocked, id=15924, stack(0x000000fd72900000,0x000000fd72a00000)]
  0x000002967e88c8b0 JavaThread "Cache worker for execution history cache (C:\Users\hornr\.gradle\caches\8.4\executionHistory)" [_thread_blocked, id=9500, stack(0x000000fd72a00000,0x000000fd72b00000)]
  0x000002967e888550 JavaThread "Unconstrained build operations" [_thread_blocked, id=3720, stack(0x000000fd72d00000,0x000000fd72e00000)]
  0x000002967e885ed0 JavaThread "Unconstrained build operations Thread 2" [_thread_blocked, id=13924, stack(0x000000fd72e00000,0x000000fd72f00000)]
  0x000002967e8863a0 JavaThread "Cache worker for dependencies-accessors (C:\Mods\1.20.4\49.0.30\BlockInfoHUD\.gradle\8.4\dependencies-accessors)" [_thread_blocked, id=11240, stack(0x000000fd72f00000,0x000000fd73000000)]
  0x000002967e887bb0 JavaThread "Cache worker for Build Output Cleanup Cache (C:\Mods\1.20.4\49.0.30\BlockInfoHUD\.gradle\buildOutputCleanup)" [_thread_blocked, id=13104, stack(0x000000fd73000000,0x000000fd73100000)]
  0x000002967e885530 JavaThread "Unconstrained build operations Thread 3" [_thread_blocked, id=11148, stack(0x000000fd73100000,0x000000fd73200000)]
  0x000002967e888a20 JavaThread "Unconstrained build operations Thread 4" [_thread_blocked, id=11076, stack(0x000000fd73200000,0x000000fd73300000)]
  0x000002967e88a230 JavaThread "Unconstrained build operations Thread 5" [_thread_blocked, id=8120, stack(0x000000fd73300000,0x000000fd73400000)]
  0x000002967e888ef0 JavaThread "Unconstrained build operations Thread 6" [_thread_blocked, id=18428, stack(0x000000fd73400000,0x000000fd73500000)]
  0x000002967e88abd0 JavaThread "Unconstrained build operations Thread 7" [_thread_blocked, id=7620, stack(0x000000fd73500000,0x000000fd73600000)]
  0x000002967e889890 JavaThread "Unconstrained build operations Thread 8" [_thread_blocked, id=15804, stack(0x000000fd73600000,0x000000fd73700000)]
  0x000002967e8876e0 JavaThread "Unconstrained build operations Thread 9" [_thread_blocked, id=18052, stack(0x000000fd73700000,0x000000fd73800000)]
  0x000002967e885a00 JavaThread "Keep-Alive-Timer" daemon [_thread_blocked, id=18068, stack(0x000000fd71600000,0x000000fd71700000)]
  0x000002967d4cfa50 JavaThread "Memory manager" [_thread_blocked, id=17480, stack(0x000000fd73800000,0x000000fd73900000)]
  0x000002967d4cf0b0 JavaThread "ForkJoinPool.commonPool-worker-1" daemon [_thread_blocked, id=16340, stack(0x000000fd73a00000,0x000000fd73b00000)]
  0x000002967d4c8200 JavaThread "ForkJoinPool.commonPool-worker-2" daemon [_thread_blocked, id=3856, stack(0x000000fd73b00000,0x000000fd73c00000)]
  0x000002967d4cdd70 JavaThread "ForkJoinPool.commonPool-worker-3" daemon [_thread_blocked, id=5776, stack(0x000000fd73c00000,0x000000fd73d00000)]
  0x000002967d4c8ba0 JavaThread "ForkJoinPool.commonPool-worker-4" daemon [_thread_blocked, id=19384, stack(0x000000fd73d00000,0x000000fd73e00000)]
  0x000002967d4c9a10 JavaThread "ForkJoinPool.commonPool-worker-5" daemon [_thread_blocked, id=6680, stack(0x000000fd73e00000,0x000000fd73f00000)]
  0x000002967d4c86d0 JavaThread "ForkJoinPool.commonPool-worker-6" daemon [_thread_blocked, id=19036, stack(0x000000fd73f00000,0x000000fd74000000)]
  0x000002967d4ce240 JavaThread "ForkJoinPool.commonPool-worker-7" daemon [_thread_blocked, id=10828, stack(0x000000fd74000000,0x000000fd74100000)]
  0x000002967d4c9070 JavaThread "Exec process" [_thread_blocked, id=5796, stack(0x000000fd74100000,0x000000fd74200000)]
  0x000002967d4cd3d0 JavaThread "Exec process Thread 2" [_thread_blocked, id=14396, stack(0x000000fd74200000,0x000000fd74300000)]
  0x000002967d4c9540 JavaThread "Exec process Thread 3" [_thread_blocked, id=15100, stack(0x000000fd74300000,0x000000fd74400000)]
  0x000002967d4ca3b0 JavaThread "Unconstrained build operations Thread 10" [_thread_blocked, id=14988, stack(0x000000fd73900000,0x000000fd73a00000)]
  0x000002967d4cd8a0 JavaThread "Unconstrained build operations Thread 11" [_thread_blocked, id=14512, stack(0x000000fd74400000,0x000000fd74500000)]
  0x000002967d4cad50 JavaThread "Unconstrained build operations Thread 12" [_thread_blocked, id=9476, stack(0x000000fd74500000,0x000000fd74600000)]
  0x000002967d4ce710 JavaThread "Unconstrained build operations Thread 13" [_thread_blocked, id=15264, stack(0x000000fd74600000,0x000000fd74700000)]
  0x000002967d4cebe0 JavaThread "Unconstrained build operations Thread 14" [_thread_blocked, id=19396, stack(0x000000fd74700000,0x000000fd74800000)]
  0x000002967d4cc090 JavaThread "Unconstrained build operations Thread 15" [_thread_blocked, id=2500, stack(0x000000fd74800000,0x000000fd74900000)]
  0x000002967d4cc560 JavaThread "Unconstrained build operations Thread 16" [_thread_blocked, id=15772, stack(0x000000fd74900000,0x000000fd74a00000)]
  0x00000296039e7a80 JavaThread "included builds" [_thread_blocked, id=5376, stack(0x000000fd74b00000,0x000000fd74c00000)]
  0x00000296039e70e0 JavaThread "Execution worker" [_thread_blocked, id=17196, stack(0x000000fd74c00000,0x000000fd74d00000)]
  0x00000296039e40c0 JavaThread "Execution worker Thread 2" [_thread_blocked, id=15860, stack(0x000000fd74d00000,0x000000fd74e00000)]
  0x00000296039e4590 JavaThread "Execution worker Thread 3" [_thread_blocked, id=18876, stack(0x000000fd74e00000,0x000000fd74f00000)]
  0x00000296039e4a60 JavaThread "Execution worker Thread 4" [_thread_blocked, id=4708, stack(0x000000fd74f00000,0x000000fd75000000)]
  0x00000296039e58d0 JavaThread "Execution worker Thread 5" [_thread_blocked, id=9352, stack(0x000000fd75000000,0x000000fd75100000)]
  0x00000296039e4f30 JavaThread "Execution worker Thread 6" [_thread_blocked, id=16184, stack(0x000000fd75100000,0x000000fd75200000)]
  0x00000296039e5400 JavaThread "Execution worker Thread 7" [_thread_blocked, id=14824, stack(0x000000fd75200000,0x000000fd75300000)]
  0x00000296039e5da0 JavaThread "Cache worker for execution history cache (C:\Mods\1.20.4\49.0.30\BlockInfoHUD\.gradle\8.4\executionHistory)" [_thread_blocked, id=10056, stack(0x000000fd75300000,0x000000fd75400000)]
  0x00000296039e6270 JavaThread "idea-tooling-model-converter" [_thread_blocked, id=7836, stack(0x000000fd75400000,0x000000fd75500000)]
  0x000002967fa32660 JavaThread "Unconstrained build operations Thread 17" [_thread_blocked, id=9984, stack(0x000000fd75500000,0x000000fd75600000)]
  0x000002967fa2f170 JavaThread "Unconstrained build operations Thread 18" [_thread_blocked, id=15136, stack(0x000000fd75600000,0x000000fd75700000)]
  0x000002967fa31320 JavaThread "Unconstrained build operations Thread 19" [_thread_blocked, id=14692, stack(0x000000fd71700000,0x000000fd71800000)]

Other Threads:
=>0x000002967b789ed0 VMThread "VM Thread" [stack: 0x000000fd6f700000,0x000000fd6f800000] [id=1444]
  0x000002965afe2c60 WatcherThread [stack: 0x000000fd70300000,0x000000fd70400000] [id=16344]
  0x000002965afca9a0 GCTaskThread "GC Thread#0" [stack: 0x000000fd6f200000,0x000000fd6f300000] [id=17056]
  0x000002967d14d580 GCTaskThread "GC Thread#1" [stack: 0x000000fd70600000,0x000000fd70700000] [id=18620]
  0x000002967d14d830 GCTaskThread "GC Thread#2" [stack: 0x000000fd70700000,0x000000fd70800000] [id=12724]
  0x000002967d10fde0 GCTaskThread "GC Thread#3" [stack: 0x000000fd70800000,0x000000fd70900000] [id=10140]
  0x000002967d110090 GCTaskThread "GC Thread#4" [stack: 0x000000fd70900000,0x000000fd70a00000] [id=8948]
  0x000002967d110340 GCTaskThread "GC Thread#5" [stack: 0x000000fd70a00000,0x000000fd70b00000] [id=5596]
  0x000002967efe5300 GCTaskThread "GC Thread#6" [stack: 0x000000fd72200000,0x000000fd72300000] [id=1560]
  0x000002967efe55b0 GCTaskThread "GC Thread#7" [stack: 0x000000fd72300000,0x000000fd72400000] [id=12400]
  0x000002965afd8850 ConcurrentGCThread "G1 Main Marker" [stack: 0x000000fd6f300000,0x000000fd6f400000] [id=16992]
  0x000002965afda3f0 ConcurrentGCThread "G1 Conc#0" [stack: 0x000000fd6f400000,0x000000fd6f500000] [id=6740]
  0x000002967efe5b10 ConcurrentGCThread "G1 Conc#1" [stack: 0x000000fd72400000,0x000000fd72500000] [id=16644]
  0x000002965b013f70 ConcurrentGCThread "G1 Refine#0" [stack: 0x000000fd6f500000,0x000000fd6f600000] [id=15272]
  0x000002967ee7a070 ConcurrentGCThread "G1 Refine#1" [stack: 0x000000fd72b00000,0x000000fd72c00000] [id=3192]
  0x000002967ee7bd30 ConcurrentGCThread "G1 Refine#2" [stack: 0x000000fd72c00000,0x000000fd72d00000] [id=9940]
  0x000002965b014640 ConcurrentGCThread "G1 Service" [stack: 0x000000fd6f600000,0x000000fd6f700000] [id=17868]

Threads with active compile tasks:
C1 CompilerThread0    19059 9464       3       sun.nio.ch.FileChannelImpl::open (16 bytes)

VM state: at safepoint (normal execution)

VM Mutex/Monitor currently owned by a thread:  ([mutex/lock_event])
[0x000002965af6dfc0] Threads_lock - owner thread: 0x000002967b789ed0
[0x000002965af6e290] Heap_lock - owner thread: 0x000002967d4af4c0

Heap address: 0x0000000740000000, size: 3072 MB, Compressed Oops mode: Zero based, Oop shift amount: 3

CDS archive(s) mapped at: [0x0000000800000000-0x0000000800bd0000-0x0000000800bd0000), size 12386304, SharedBaseAddress: 0x0000000800000000, ArchiveRelocationMode: 0.
Compressed class space mapped at: 0x0000000800c00000-0x0000000840c00000, reserved size: 1073741824
Narrow klass base: 0x0000000800000000, Narrow klass shift: 0, Narrow klass range: 0x100000000

GC Precious Log:
 CPUs: 8 total, 8 available
 Memory: 16202M
 Large Page Support: Disabled
 NUMA Support: Disabled
 Compressed Oops: Enabled (Zero based)
 Heap Region Size: 2M
 Heap Min Capacity: 8M
 Heap Initial Capacity: 254M
 Heap Max Capacity: 3G
 Pre-touch: Disabled
 Parallel Workers: 8
 Concurrent Workers: 2
 Concurrent Refinement Workers: 8
 Periodic GC: Disabled

Heap:
 garbage-first heap   total 393216K, used 143079K [0x0000000740000000, 0x0000000800000000)
  region size 2048K, 5 young (10240K), 5 survivors (10240K)
 Metaspace       used 71694K, committed 72448K, reserved 1114112K
  class space    used 9904K, committed 10240K, reserved 1048576K

Heap Regions: E=young(eden), S=young(survivor), O=old, HS=humongous(starts), HC=humongous(continues), CS=collection set, F=free, OA=open archive, CA=closed archive, TAMS=top-at-mark-start (previous, next)
|   0|0x0000000740000000, 0x0000000740200000, 0x0000000740200000|100%|HS|  |TAMS 0x0000000740200000, 0x0000000740200000| Complete 
|   1|0x0000000740200000, 0x0000000740400000, 0x0000000740400000|100%|HC|  |TAMS 0x0000000740400000, 0x0000000740400000| Complete 
|   2|0x0000000740400000, 0x0000000740600000, 0x0000000740600000|100%| O|  |TAMS 0x0000000740600000, 0x0000000740600000| Untracked 
|   3|0x0000000740600000, 0x0000000740800000, 0x0000000740800000|100%| O|  |TAMS 0x0000000740800000, 0x0000000740800000| Untracked 
|   4|0x0000000740800000, 0x0000000740a00000, 0x0000000740a00000|100%| O|  |TAMS 0x0000000740a00000, 0x0000000740a00000| Untracked 
|   5|0x0000000740a00000, 0x0000000740c00000, 0x0000000740c00000|100%| O|  |TAMS 0x0000000740c00000, 0x0000000740c00000| Untracked 
|   6|0x0000000740c00000, 0x0000000740e00000, 0x0000000740e00000|100%|HS|  |TAMS 0x0000000740e00000, 0x0000000740e00000| Complete 
|   7|0x0000000740e00000, 0x0000000741000000, 0x0000000741000000|100%|HS|  |TAMS 0x0000000741000000, 0x0000000741000000| Complete 
|   8|0x0000000741000000, 0x0000000741200000, 0x0000000741200000|100%|HC|  |TAMS 0x0000000741200000, 0x0000000741200000| Complete 
|   9|0x0000000741200000, 0x0000000741400000, 0x0000000741400000|100%|HS|  |TAMS 0x0000000741400000, 0x0000000741400000| Complete 
|  10|0x0000000741400000, 0x0000000741600000, 0x0000000741600000|100%|HC|  |TAMS 0x0000000741600000, 0x0000000741600000| Complete 
|  11|0x0000000741600000, 0x0000000741800000, 0x0000000741800000|100%|HS|  |TAMS 0x0000000741800000, 0x0000000741800000| Complete 
|  12|0x0000000741800000, 0x0000000741a00000, 0x0000000741a00000|100%|HC|  |TAMS 0x0000000741a00000, 0x0000000741a00000| Complete 
|  13|0x0000000741a00000, 0x0000000741c00000, 0x0000000741c00000|100%|HC|  |TAMS 0x0000000741c00000, 0x0000000741c00000| Complete 
|  14|0x0000000741c00000, 0x0000000741e00000, 0x0000000741e00000|100%| O|  |TAMS 0x0000000741e00000, 0x0000000741e00000| Untracked 
|  15|0x0000000741e00000, 0x0000000742000000, 0x0000000742000000|100%| O|  |TAMS 0x0000000742000000, 0x0000000742000000| Untracked 
|  16|0x0000000742000000, 0x0000000742200000, 0x0000000742200000|100%| O|  |TAMS 0x0000000742200000, 0x0000000742200000| Untracked 
|  17|0x0000000742200000, 0x0000000742400000, 0x0000000742400000|100%| O|  |TAMS 0x0000000742400000, 0x0000000742400000| Untracked 
|  18|0x0000000742400000, 0x0000000742600000, 0x0000000742600000|100%| O|  |TAMS 0x0000000742600000, 0x0000000742600000| Untracked 
|  19|0x0000000742600000, 0x0000000742800000, 0x0000000742800000|100%| O|  |TAMS 0x0000000742800000, 0x0000000742800000| Untracked 
|  20|0x0000000742800000, 0x0000000742a00000, 0x0000000742a00000|100%| O|  |TAMS 0x0000000742a00000, 0x0000000742a00000| Untracked 
|  21|0x0000000742a00000, 0x0000000742c00000, 0x0000000742c00000|100%| O|  |TAMS 0x0000000742c00000, 0x0000000742c00000| Untracked 
|  22|0x0000000742c00000, 0x0000000742e00000, 0x0000000742e00000|100%| O|  |TAMS 0x0000000742e00000, 0x0000000742e00000| Untracked 
|  23|0x0000000742e00000, 0x0000000743000000, 0x0000000743000000|100%| O|  |TAMS 0x0000000743000000, 0x0000000743000000| Untracked 
|  24|0x0000000743000000, 0x0000000743200000, 0x0000000743200000|100%|HS|  |TAMS 0x0000000743200000, 0x0000000743200000| Complete 
|  25|0x0000000743200000, 0x0000000743400000, 0x0000000743400000|100%|HC|  |TAMS 0x0000000743400000, 0x0000000743400000| Complete 
|  26|0x0000000743400000, 0x0000000743600000, 0x0000000743600000|100%| O|  |TAMS 0x0000000743600000, 0x0000000743600000| Untracked 
|  27|0x0000000743600000, 0x0000000743800000, 0x0000000743800000|100%| O|  |TAMS 0x0000000743800000, 0x0000000743800000| Untracked 
|  28|0x0000000743800000, 0x0000000743a00000, 0x0000000743a00000|100%| O|  |TAMS 0x0000000743a00000, 0x0000000743a00000| Untracked 
|  29|0x0000000743a00000, 0x0000000743c00000, 0x0000000743c00000|100%|HS|  |TAMS 0x0000000743c00000, 0x0000000743c00000| Complete 
|  30|0x0000000743c00000, 0x0000000743e00000, 0x0000000743e00000|100%| O|  |TAMS 0x0000000743e00000, 0x0000000743e00000| Untracked 
|  31|0x0000000743e00000, 0x0000000744000000, 0x0000000744000000|100%| O|  |TAMS 0x0000000744000000, 0x0000000744000000| Untracked 
|  32|0x0000000744000000, 0x0000000744200000, 0x0000000744200000|100%| O|  |TAMS 0x0000000744200000, 0x0000000744200000| Untracked 
|  33|0x0000000744200000, 0x0000000744400000, 0x0000000744400000|100%| O|  |TAMS 0x0000000744400000, 0x0000000744400000| Untracked 
|  34|0x0000000744400000, 0x0000000744600000, 0x0000000744600000|100%| O|  |TAMS 0x0000000744600000, 0x0000000744600000| Untracked 
|  35|0x0000000744600000, 0x0000000744800000, 0x0000000744800000|100%| O|  |TAMS 0x0000000744800000, 0x0000000744800000| Untracked 
|  36|0x0000000744800000, 0x0000000744a00000, 0x0000000744a00000|100%|HS|  |TAMS 0x0000000744800000, 0x0000000744a00000| Complete 
|  37|0x0000000744a00000, 0x0000000744c00000, 0x0000000744c00000|100%|HS|  |TAMS 0x0000000744a00000, 0x0000000744c00000| Complete 
|  38|0x0000000744c00000, 0x0000000744e00000, 0x0000000744e00000|100%| O|  |TAMS 0x0000000744e00000, 0x0000000744e00000| Untracked 
|  39|0x0000000744e00000, 0x0000000745000000, 0x0000000745000000|100%| O|  |TAMS 0x0000000744f1e600, 0x0000000745000000| Untracked 
|  40|0x0000000745000000, 0x0000000745200000, 0x0000000745200000|100%|HS|  |TAMS 0x0000000745000000, 0x0000000745200000| Complete 
|  41|0x0000000745200000, 0x0000000745400000, 0x0000000745400000|100%|HC|  |TAMS 0x0000000745200000, 0x0000000745400000| Complete 
|  42|0x0000000745400000, 0x0000000745600000, 0x0000000745600000|100%|HC|  |TAMS 0x0000000745400000, 0x0000000745600000| Complete 
|  43|0x0000000745600000, 0x0000000745800000, 0x0000000745800000|100%|HC|  |TAMS 0x0000000745600000, 0x0000000745800000| Complete 
|  44|0x0000000745800000, 0x0000000745a00000, 0x0000000745a00000|100%|HC|  |TAMS 0x0000000745800000, 0x0000000745a00000| Complete 
|  45|0x0000000745a00000, 0x0000000745c00000, 0x0000000745c00000|100%|HC|  |TAMS 0x0000000745a00000, 0x0000000745c00000| Complete 
|  46|0x0000000745c00000, 0x0000000745e00000, 0x0000000745e00000|100%|HS|  |TAMS 0x0000000745c00000, 0x0000000745e00000| Complete 
|  47|0x0000000745e00000, 0x0000000746000000, 0x0000000746000000|100%|HC|  |TAMS 0x0000000745e00000, 0x0000000746000000| Complete 
|  48|0x0000000746000000, 0x0000000746200000, 0x0000000746200000|100%|HS|  |TAMS 0x0000000746000000, 0x0000000746200000| Complete 
|  49|0x0000000746200000, 0x0000000746400000, 0x0000000746400000|100%|HC|  |TAMS 0x0000000746200000, 0x0000000746400000| Complete 
|  50|0x0000000746400000, 0x0000000746600000, 0x0000000746600000|100%|HS|  |TAMS 0x0000000746400000, 0x0000000746600000| Complete 
|  51|0x0000000746600000, 0x0000000746800000, 0x0000000746800000|100%|HC|  |TAMS 0x0000000746600000, 0x0000000746800000| Complete 
|  52|0x0000000746800000, 0x0000000746a00000, 0x0000000746a00000|100%|HC|  |TAMS 0x0000000746800000, 0x0000000746a00000| Complete 
|  53|0x0000000746a00000, 0x0000000746c00000, 0x0000000746c00000|100%|HS|  |TAMS 0x0000000746a00000, 0x0000000746c00000| Complete 
|  54|0x0000000746c00000, 0x0000000746e00000, 0x0000000746e00000|100%|HC|  |TAMS 0x0000000746c00000, 0x0000000746e00000| Complete 
|  55|0x0000000746e00000, 0x0000000747000000, 0x0000000747000000|100%|HC|  |TAMS 0x0000000746e00000, 0x0000000747000000| Complete 
|  56|0x0000000747000000, 0x0000000747200000, 0x0000000747200000|100%|HC|  |TAMS 0x0000000747000000, 0x0000000747200000| Complete 
|  57|0x0000000747200000, 0x0000000747400000, 0x0000000747400000|100%|HC|  |TAMS 0x0000000747200000, 0x0000000747400000| Complete 
|  58|0x0000000747400000, 0x0000000747600000, 0x0000000747600000|100%|HC|  |TAMS 0x0000000747400000, 0x0000000747600000| Complete 
|  59|0x0000000747600000, 0x0000000747800000, 0x0000000747800000|100%|HS|  |TAMS 0x0000000747600000, 0x0000000747800000| Complete 
|  60|0x0000000747800000, 0x0000000747800000, 0x0000000747a00000|  0%| F|  |TAMS 0x0000000747800000, 0x0000000747800000| Untracked 
|  61|0x0000000747a00000, 0x0000000747a00000, 0x0000000747c00000|  0%| F|  |TAMS 0x0000000747a00000, 0x0000000747a00000| Untracked 
|  62|0x0000000747c00000, 0x0000000747c00000, 0x0000000747e00000|  0%| F|  |TAMS 0x0000000747c00000, 0x0000000747c00000| Untracked 
|  63|0x0000000747e00000, 0x0000000747e00000, 0x0000000748000000|  0%| F|  |TAMS 0x0000000747e00000, 0x0000000747e00000| Untracked 
|  64|0x0000000748000000, 0x0000000748000000, 0x0000000748200000|  0%| F|  |TAMS 0x0000000748000000, 0x0000000748000000| Untracked 
|  65|0x0000000748200000, 0x0000000748200000, 0x0000000748400000|  0%| F|  |TAMS 0x0000000748200000, 0x0000000748200000| Untracked 
|  66|0x0000000748400000, 0x0000000748400000, 0x0000000748600000|  0%| F|  |TAMS 0x0000000748400000, 0x0000000748400000| Untracked 
|  67|0x0000000748600000, 0x0000000748600000, 0x0000000748800000|  0%| F|  |TAMS 0x0000000748600000, 0x0000000748600000| Untracked 
|  68|0x0000000748800000, 0x0000000748800000, 0x0000000748a00000|  0%| F|  |TAMS 0x0000000748800000, 0x0000000748800000| Untracked 
|  69|0x0000000748a00000, 0x0000000748a00000, 0x0000000748c00000|  0%| F|  |TAMS 0x0000000748a00000, 0x0000000748a00000| Untracked 
|  70|0x0000000748c00000, 0x0000000748c00000, 0x0000000748e00000|  0%| F|  |TAMS 0x0000000748c00000, 0x0000000748c00000| Untracked 
|  71|0x0000000748e00000, 0x0000000749000000, 0x0000000749000000|100%| O|  |TAMS 0x0000000748e00000, 0x0000000749000000| Untracked 
|  72|0x0000000749000000, 0x0000000749200000, 0x0000000749200000|100%| O|  |TAMS 0x0000000749000000, 0x0000000749200000| Untracked 
|  73|0x0000000749200000, 0x0000000749400000, 0x0000000749400000|100%| O|  |TAMS 0x0000000749200000, 0x0000000749400000| Untracked 
|  74|0x0000000749400000, 0x0000000749400000, 0x0000000749600000|  0%| F|  |TAMS 0x0000000749400000, 0x0000000749400000| Untracked 
|  75|0x0000000749600000, 0x0000000749600000, 0x0000000749800000|  0%| F|  |TAMS 0x0000000749600000, 0x0000000749600000| Untracked 
|  76|0x0000000749800000, 0x0000000749800000, 0x0000000749a00000|  0%| F|  |TAMS 0x0000000749800000, 0x0000000749800000| Untracked 
|  77|0x0000000749a00000, 0x0000000749a00000, 0x0000000749c00000|  0%| F|  |TAMS 0x0000000749a00000, 0x0000000749a00000| Untracked 
|  78|0x0000000749c00000, 0x0000000749c00000, 0x0000000749e00000|  0%| F|  |TAMS 0x0000000749c00000, 0x0000000749c00000| Untracked 
|  79|0x0000000749e00000, 0x0000000749e00000, 0x000000074a000000|  0%| F|  |TAMS 0x0000000749e00000, 0x0000000749e00000| Untracked 
|  80|0x000000074a000000, 0x000000074a000000, 0x000000074a200000|  0%| F|  |TAMS 0x000000074a000000, 0x000000074a000000| Untracked 
|  81|0x000000074a200000, 0x000000074a200000, 0x000000074a400000|  0%| F|  |TAMS 0x000000074a200000, 0x000000074a200000| Untracked 
|  82|0x000000074a400000, 0x000000074a400000, 0x000000074a600000|  0%| F|  |TAMS 0x000000074a400000, 0x000000074a400000| Untracked 
|  83|0x000000074a600000, 0x000000074a600000, 0x000000074a800000|  0%| F|  |TAMS 0x000000074a600000, 0x000000074a600000| Untracked 
|  84|0x000000074a800000, 0x000000074a800000, 0x000000074aa00000|  0%| F|  |TAMS 0x000000074a800000, 0x000000074a800000| Untracked 
|  85|0x000000074aa00000, 0x000000074ac00000, 0x000000074ac00000|100%| O|  |TAMS 0x000000074aa00000, 0x000000074ac00000| Untracked 
|  86|0x000000074ac00000, 0x000000074ae00000, 0x000000074ae00000|100%| O|  |TAMS 0x000000074ac00000, 0x000000074ae00000| Untracked 
|  87|0x000000074ae00000, 0x000000074ae16a00, 0x000000074b000000|  4%| O|  |TAMS 0x000000074ae00000, 0x000000074ae16a00| Untracked 
|  88|0x000000074b000000, 0x000000074b000000, 0x000000074b200000|  0%| F|  |TAMS 0x000000074b000000, 0x000000074b000000| Untracked 
|  89|0x000000074b200000, 0x000000074b200000, 0x000000074b400000|  0%| F|  |TAMS 0x000000074b200000, 0x000000074b200000| Untracked 
|  90|0x000000074b400000, 0x000000074b400000, 0x000000074b600000|  0%| F|  |TAMS 0x000000074b400000, 0x000000074b400000| Untracked 
|  91|0x000000074b600000, 0x000000074b600000, 0x000000074b800000|  0%| F|  |TAMS 0x000000074b600000, 0x000000074b600000| Untracked 
|  92|0x000000074b800000, 0x000000074b800000, 0x000000074ba00000|  0%| F|  |TAMS 0x000000074b800000, 0x000000074b800000| Untracked 
|  93|0x000000074ba00000, 0x000000074ba00000, 0x000000074bc00000|  0%| F|  |TAMS 0x000000074ba00000, 0x000000074ba00000| Untracked 
|  94|0x000000074bc00000, 0x000000074bc00000, 0x000000074be00000|  0%| F|  |TAMS 0x000000074bc00000, 0x000000074bc00000| Untracked 
|  95|0x000000074be00000, 0x000000074be00000, 0x000000074c000000|  0%| F|  |TAMS 0x000000074be00000, 0x000000074be00000| Untracked 
|  96|0x000000074c000000, 0x000000074c000000, 0x000000074c200000|  0%| F|  |TAMS 0x000000074c000000, 0x000000074c000000| Untracked 
|  97|0x000000074c200000, 0x000000074c200000, 0x000000074c400000|  0%| F|  |TAMS 0x000000074c200000, 0x000000074c200000| Untracked 
|  98|0x000000074c400000, 0x000000074c400000, 0x000000074c600000|  0%| F|  |TAMS 0x000000074c400000, 0x000000074c400000| Untracked 
|  99|0x000000074c600000, 0x000000074c600000, 0x000000074c800000|  0%| F|  |TAMS 0x000000074c600000, 0x000000074c600000| Untracked 
| 100|0x000000074c800000, 0x000000074c800000, 0x000000074ca00000|  0%| F|  |TAMS 0x000000074c800000, 0x000000074c800000| Untracked 
| 101|0x000000074ca00000, 0x000000074ca00000, 0x000000074cc00000|  0%| F|  |TAMS 0x000000074ca00000, 0x000000074ca00000| Untracked 
| 102|0x000000074cc00000, 0x000000074cc00000, 0x000000074ce00000|  0%| F|  |TAMS 0x000000074cc00000, 0x000000074cc00000| Untracked 
| 103|0x000000074ce00000, 0x000000074ce00000, 0x000000074d000000|  0%| F|  |TAMS 0x000000074ce00000, 0x000000074ce00000| Untracked 
| 104|0x000000074d000000, 0x000000074d000000, 0x000000074d200000|  0%| F|  |TAMS 0x000000074d000000, 0x000000074d000000| Untracked 
| 105|0x000000074d200000, 0x000000074d200000, 0x000000074d400000|  0%| F|  |TAMS 0x000000074d200000, 0x000000074d200000| Untracked 
| 106|0x000000074d400000, 0x000000074d400000, 0x000000074d600000|  0%| F|  |TAMS 0x000000074d400000, 0x000000074d400000| Untracked 
| 107|0x000000074d600000, 0x000000074d600000, 0x000000074d800000|  0%| F|  |TAMS 0x000000074d600000, 0x000000074d600000| Untracked 
| 108|0x000000074d800000, 0x000000074d800000, 0x000000074da00000|  0%| F|  |TAMS 0x000000074d800000, 0x000000074d800000| Untracked 
| 109|0x000000074da00000, 0x000000074da00000, 0x000000074dc00000|  0%| F|  |TAMS 0x000000074da00000, 0x000000074da00000| Untracked 
| 110|0x000000074dc00000, 0x000000074dc00000, 0x000000074de00000|  0%| F|  |TAMS 0x000000074dc00000, 0x000000074dc00000| Untracked 
| 111|0x000000074de00000, 0x000000074de00000, 0x000000074e000000|  0%| F|  |TAMS 0x000000074de00000, 0x000000074de00000| Untracked 
| 112|0x000000074e000000, 0x000000074e000000, 0x000000074e200000|  0%| F|  |TAMS 0x000000074e000000, 0x000000074e000000| Untracked 
| 113|0x000000074e200000, 0x000000074e200000, 0x000000074e400000|  0%| F|  |TAMS 0x000000074e200000, 0x000000074e200000| Untracked 
| 114|0x000000074e400000, 0x000000074e400000, 0x000000074e600000|  0%| F|  |TAMS 0x000000074e400000, 0x000000074e400000| Untracked 
| 115|0x000000074e600000, 0x000000074e600000, 0x000000074e800000|  0%| F|  |TAMS 0x000000074e600000, 0x000000074e600000| Untracked 
| 116|0x000000074e800000, 0x000000074e800000, 0x000000074ea00000|  0%| F|  |TAMS 0x000000074e800000, 0x000000074e800000| Untracked 
| 117|0x000000074ea00000, 0x000000074ea00000, 0x000000074ec00000|  0%| F|  |TAMS 0x000000074ea00000, 0x000000074ea00000| Untracked 
| 118|0x000000074ec00000, 0x000000074ec00000, 0x000000074ee00000|  0%| F|  |TAMS 0x000000074ec00000, 0x000000074ec00000| Untracked 
| 119|0x000000074ee00000, 0x000000074ee00000, 0x000000074f000000|  0%| F|  |TAMS 0x000000074ee00000, 0x000000074ee00000| Untracked 
| 120|0x000000074f000000, 0x000000074f000000, 0x000000074f200000|  0%| F|  |TAMS 0x000000074f000000, 0x000000074f000000| Untracked 
| 121|0x000000074f200000, 0x000000074f200000, 0x000000074f400000|  0%| F|  |TAMS 0x000000074f200000, 0x000000074f200000| Untracked 
| 122|0x000000074f400000, 0x000000074f400000, 0x000000074f600000|  0%| F|  |TAMS 0x000000074f400000, 0x000000074f400000| Untracked 
| 123|0x000000074f600000, 0x000000074f600000, 0x000000074f800000|  0%| F|  |TAMS 0x000000074f600000, 0x000000074f600000| Untracked 
| 124|0x000000074f800000, 0x000000074f800000, 0x000000074fa00000|  0%| F|  |TAMS 0x000000074f800000, 0x000000074f800000| Untracked 
| 125|0x000000074fa00000, 0x000000074fa00000, 0x000000074fc00000|  0%| F|  |TAMS 0x000000074fa00000, 0x000000074fa00000| Untracked 
| 126|0x000000074fc00000, 0x000000074fc00000, 0x000000074fe00000|  0%| F|  |TAMS 0x000000074fc00000, 0x000000074fc00000| Untracked 
| 127|0x000000074fe00000, 0x000000074fe00000, 0x0000000750000000|  0%| F|  |TAMS 0x000000074fe00000, 0x000000074fe00000| Untracked 
| 128|0x0000000750000000, 0x0000000750000000, 0x0000000750200000|  0%| F|  |TAMS 0x0000000750000000, 0x0000000750000000| Untracked 
| 129|0x0000000750200000, 0x0000000750200000, 0x0000000750400000|  0%| F|  |TAMS 0x0000000750200000, 0x0000000750200000| Untracked 
| 130|0x0000000750400000, 0x0000000750400000, 0x0000000750600000|  0%| F|  |TAMS 0x0000000750400000, 0x0000000750400000| Untracked 
| 131|0x0000000750600000, 0x0000000750600000, 0x0000000750800000|  0%| F|  |TAMS 0x0000000750600000, 0x0000000750600000| Untracked 
| 132|0x0000000750800000, 0x0000000750800000, 0x0000000750a00000|  0%| F|  |TAMS 0x0000000750800000, 0x0000000750800000| Untracked 
| 133|0x0000000750a00000, 0x0000000750a00000, 0x0000000750c00000|  0%| F|  |TAMS 0x0000000750a00000, 0x0000000750a00000| Untracked 
| 134|0x0000000750c00000, 0x0000000750c00000, 0x0000000750e00000|  0%| F|  |TAMS 0x0000000750c00000, 0x0000000750c00000| Untracked 
| 135|0x0000000750e00000, 0x0000000750e00000, 0x0000000751000000|  0%| F|  |TAMS 0x0000000750e00000, 0x0000000750e00000| Untracked 
| 136|0x0000000751000000, 0x0000000751000000, 0x0000000751200000|  0%| F|  |TAMS 0x0000000751000000, 0x0000000751000000| Untracked 
| 137|0x0000000751200000, 0x0000000751200000, 0x0000000751400000|  0%| F|  |TAMS 0x0000000751200000, 0x0000000751200000| Untracked 
| 138|0x0000000751400000, 0x0000000751400000, 0x0000000751600000|  0%| F|  |TAMS 0x0000000751400000, 0x0000000751400000| Untracked 
| 139|0x0000000751600000, 0x0000000751600000, 0x0000000751800000|  0%| F|  |TAMS 0x0000000751600000, 0x0000000751600000| Untracked 
| 140|0x0000000751800000, 0x0000000751800000, 0x0000000751a00000|  0%| F|  |TAMS 0x0000000751800000, 0x0000000751800000| Untracked 
| 141|0x0000000751a00000, 0x0000000751a00000, 0x0000000751c00000|  0%| F|  |TAMS 0x0000000751a00000, 0x0000000751a00000| Untracked 
| 142|0x0000000751c00000, 0x0000000751c00000, 0x0000000751e00000|  0%| F|  |TAMS 0x0000000751c00000, 0x0000000751c00000| Untracked 
| 143|0x0000000751e00000, 0x0000000751e00000, 0x0000000752000000|  0%| F|  |TAMS 0x0000000751e00000, 0x0000000751e00000| Untracked 
| 144|0x0000000752000000, 0x0000000752000000, 0x0000000752200000|  0%| F|  |TAMS 0x0000000752000000, 0x0000000752000000| Untracked 
| 145|0x0000000752200000, 0x0000000752200000, 0x0000000752400000|  0%| F|  |TAMS 0x0000000752200000, 0x0000000752200000| Untracked 
| 146|0x0000000752400000, 0x0000000752400000, 0x0000000752600000|  0%| F|  |TAMS 0x0000000752400000, 0x0000000752400000| Untracked 
| 147|0x0000000752600000, 0x0000000752600000, 0x0000000752800000|  0%| F|  |TAMS 0x0000000752600000, 0x0000000752600000| Untracked 
| 148|0x0000000752800000, 0x0000000752800000, 0x0000000752a00000|  0%| F|  |TAMS 0x0000000752800000, 0x0000000752800000| Untracked 
| 149|0x0000000752a00000, 0x0000000752a00000, 0x0000000752c00000|  0%| F|  |TAMS 0x0000000752a00000, 0x0000000752a00000| Untracked 
| 150|0x0000000752c00000, 0x0000000752c00000, 0x0000000752e00000|  0%| F|  |TAMS 0x0000000752c00000, 0x0000000752c00000| Untracked 
| 151|0x0000000752e00000, 0x0000000752e00000, 0x0000000753000000|  0%| F|  |TAMS 0x0000000752e00000, 0x0000000752e00000| Untracked 
| 152|0x0000000753000000, 0x0000000753000000, 0x0000000753200000|  0%| F|  |TAMS 0x0000000753000000, 0x0000000753000000| Untracked 
| 153|0x0000000753200000, 0x0000000753200000, 0x0000000753400000|  0%| F|  |TAMS 0x0000000753200000, 0x0000000753200000| Untracked 
| 154|0x0000000753400000, 0x0000000753400000, 0x0000000753600000|  0%| F|  |TAMS 0x0000000753400000, 0x0000000753400000| Untracked 
| 155|0x0000000753600000, 0x0000000753600000, 0x0000000753800000|  0%| F|  |TAMS 0x0000000753600000, 0x0000000753600000| Untracked 
| 156|0x0000000753800000, 0x0000000753800000, 0x0000000753a00000|  0%| F|  |TAMS 0x0000000753800000, 0x0000000753800000| Untracked 
| 157|0x0000000753a00000, 0x0000000753a00000, 0x0000000753c00000|  0%| F|  |TAMS 0x0000000753a00000, 0x0000000753a00000| Untracked 
| 158|0x0000000753c00000, 0x0000000753c00000, 0x0000000753e00000|  0%| F|  |TAMS 0x0000000753c00000, 0x0000000753c00000| Untracked 
| 159|0x0000000753e00000, 0x0000000753e00000, 0x0000000754000000|  0%| F|  |TAMS 0x0000000753e00000, 0x0000000753e00000| Untracked 
| 160|0x0000000754000000, 0x0000000754000000, 0x0000000754200000|  0%| F|  |TAMS 0x0000000754000000, 0x0000000754000000| Untracked 
| 161|0x0000000754200000, 0x0000000754200000, 0x0000000754400000|  0%| F|  |TAMS 0x0000000754200000, 0x0000000754200000| Untracked 
| 162|0x0000000754400000, 0x0000000754400000, 0x0000000754600000|  0%| F|  |TAMS 0x0000000754400000, 0x0000000754400000| Untracked 
| 163|0x0000000754600000, 0x0000000754600000, 0x0000000754800000|  0%| F|  |TAMS 0x0000000754600000, 0x0000000754600000| Untracked 
| 164|0x0000000754800000, 0x0000000754800000, 0x0000000754a00000|  0%| F|  |TAMS 0x0000000754800000, 0x0000000754800000| Untracked 
| 165|0x0000000754a00000, 0x0000000754a00000, 0x0000000754c00000|  0%| F|  |TAMS 0x0000000754a00000, 0x0000000754a00000| Untracked 
| 166|0x0000000754c00000, 0x0000000754c00000, 0x0000000754e00000|  0%| F|  |TAMS 0x0000000754c00000, 0x0000000754c00000| Untracked 
| 167|0x0000000754e00000, 0x0000000754e00000, 0x0000000755000000|  0%| F|  |TAMS 0x0000000754e00000, 0x0000000754e00000| Untracked 
| 168|0x0000000755000000, 0x0000000755000000, 0x0000000755200000|  0%| F|  |TAMS 0x0000000755000000, 0x0000000755000000| Untracked 
| 169|0x0000000755200000, 0x0000000755200000, 0x0000000755400000|  0%| F|  |TAMS 0x0000000755200000, 0x0000000755200000| Untracked 
| 170|0x0000000755400000, 0x0000000755400000, 0x0000000755600000|  0%| F|  |TAMS 0x0000000755400000, 0x0000000755400000| Untracked 
| 171|0x0000000755600000, 0x0000000755600000, 0x0000000755800000|  0%| F|  |TAMS 0x0000000755600000, 0x0000000755600000| Untracked 
| 172|0x0000000755800000, 0x0000000755800000, 0x0000000755a00000|  0%| F|  |TAMS 0x0000000755800000, 0x0000000755800000| Untracked 
| 173|0x0000000755a00000, 0x0000000755a00000, 0x0000000755c00000|  0%| F|  |TAMS 0x0000000755a00000, 0x0000000755a00000| Untracked 
| 174|0x0000000755c00000, 0x0000000755c00000, 0x0000000755e00000|  0%| F|  |TAMS 0x0000000755c00000, 0x0000000755c00000| Untracked 
| 175|0x0000000755e00000, 0x0000000755e00000, 0x0000000756000000|  0%| F|  |TAMS 0x0000000755e00000, 0x0000000755e00000| Untracked 
| 176|0x0000000756000000, 0x00000007561a3200, 0x0000000756200000| 81%| S|CS|TAMS 0x0000000756000000, 0x0000000756000000| Complete 
| 177|0x0000000756200000, 0x0000000756400000, 0x0000000756400000|100%| S|CS|TAMS 0x0000000756200000, 0x0000000756200000| Complete 
| 178|0x0000000756400000, 0x0000000756600000, 0x0000000756600000|100%| S|CS|TAMS 0x0000000756400000, 0x0000000756400000| Complete 
| 179|0x0000000756600000, 0x0000000756800000, 0x0000000756800000|100%| S|CS|TAMS 0x0000000756600000, 0x0000000756600000| Complete 
| 180|0x0000000756800000, 0x0000000756800000, 0x0000000756a00000|  0%| F|  |TAMS 0x0000000756800000, 0x0000000756800000| Untracked 
| 181|0x0000000756a00000, 0x0000000756a00000, 0x0000000756c00000|  0%| F|  |TAMS 0x0000000756a00000, 0x0000000756a00000| Untracked 
| 182|0x0000000756c00000, 0x0000000756c00000, 0x0000000756e00000|  0%| F|  |TAMS 0x0000000756c00000, 0x0000000756c00000| Untracked 
| 183|0x0000000756e00000, 0x0000000756e00000, 0x0000000757000000|  0%| F|  |TAMS 0x0000000756e00000, 0x0000000756e00000| Untracked 
| 184|0x0000000757000000, 0x0000000757000000, 0x0000000757200000|  0%| F|  |TAMS 0x0000000757000000, 0x0000000757000000| Untracked 
| 185|0x0000000757200000, 0x0000000757400000, 0x0000000757400000|100%| S|CS|TAMS 0x0000000757200000, 0x0000000757200000| Complete 
| 186|0x0000000757400000, 0x0000000757400000, 0x0000000757600000|  0%| F|  |TAMS 0x0000000757400000, 0x0000000757400000| Untracked 
| 187|0x0000000757600000, 0x0000000757600000, 0x0000000757800000|  0%| F|  |TAMS 0x0000000757600000, 0x0000000757600000| Untracked 
| 188|0x0000000757800000, 0x0000000757800000, 0x0000000757a00000|  0%| F|  |TAMS 0x0000000757800000, 0x0000000757800000| Untracked 
| 189|0x0000000757a00000, 0x0000000757a00000, 0x0000000757c00000|  0%| F|  |TAMS 0x0000000757a00000, 0x0000000757a00000| Untracked 
| 190|0x0000000757c00000, 0x0000000757c00000, 0x0000000757e00000|  0%| F|  |TAMS 0x0000000757c00000, 0x0000000757c00000| Untracked 
| 191|0x0000000757e00000, 0x0000000757e00000, 0x0000000758000000|  0%| F|  |TAMS 0x0000000757e00000, 0x0000000757e00000| Untracked 

Card table byte_map: [0x0000029672100000,0x0000029672700000] _byte_map_base: 0x000002966e700000

Marking Bits (Prev, Next): (CMBitMap*) 0x000002965afcbe10, (CMBitMap*) 0x000002965afcbdd0
 Prev Bits: [0x0000029675d00000, 0x0000029678d00000)
 Next Bits: [0x0000029672d00000, 0x0000029675d00000)

Polling page: 0x000002965a720000

Metaspace:

Usage:
  Non-class:     60.34 MB used.
      Class:      9.67 MB used.
       Both:     70.01 MB used.

Virtual space:
  Non-class space:       64.00 MB reserved,      60.75 MB ( 95%) committed,  8 nodes.
      Class space:        1.00 GB reserved,      10.00 MB ( <1%) committed,  1 nodes.
             Both:        1.06 GB reserved,      70.75 MB (  7%) committed. 

Chunk freelists:
   Non-Class:  2.39 MB
       Class:  1.89 MB
        Both:  4.28 MB

MaxMetaspaceSize: unlimited
CompressedClassSpaceSize: 1.00 GB
Initial GC threshold: 21.00 MB
Current GC threshold: 103.88 MB
CDS: on
MetaspaceReclaimPolicy: balanced
 - commit_granule_bytes: 65536.
 - commit_granule_words: 8192.
 - virtual_space_node_default_size: 1048576.
 - enlarge_chunks_in_place: 1.
 - new_chunks_are_fully_committed: 0.
 - uncommit_free_chunks: 1.
 - use_allocation_guard: 0.
 - handle_deallocations: 1.


Internal statistics:

num_allocs_failed_limit: 6.
num_arena_births: 892.
num_arena_deaths: 0.
num_vsnodes_births: 9.
num_vsnodes_deaths: 0.
num_space_committed: 1132.
num_space_uncommitted: 0.
num_chunks_returned_to_freelist: 6.
num_chunks_taken_from_freelist: 3724.
num_chunk_merges: 6.
num_chunk_splits: 2360.
num_chunks_enlarged: 1452.
num_purges: 0.
num_inconsistent_stats: 0.

CodeHeap 'non-profiled nmethods': size=120000Kb used=5132Kb max_used=5484Kb free=114867Kb
 bounds [0x000002966a2a0000, 0x000002966a810000, 0x00000296717d0000]
CodeHeap 'profiled nmethods': size=120000Kb used=15925Kb max_used=16708Kb free=104074Kb
 bounds [0x00000296627d0000, 0x0000029663830000, 0x0000029669d00000]
CodeHeap 'non-nmethods': size=5760Kb used=2389Kb max_used=2513Kb free=3370Kb
 bounds [0x0000029669d00000, 0x0000029669f80000, 0x000002966a2a0000]
 total_blobs=8938 nmethods=8023 adapters=825
 compilation: enabled
              stopped_count=0, restarted_count=0
 full_count=0

Compilation events (20 events):
Event: 18.944 Thread 0x000002967b7bbf10 9460       4       com.google.common.collect.SingletonImmutableList::iterator (5 bytes)
Event: 18.945 Thread 0x000002967b7bf9d0 nmethod 9450 0x00000296629bf010 code [0x00000296629bf260, 0x00000296629bfca8]
Event: 18.945 Thread 0x000002967b7bf9d0 9456       3       org.gradle.api.internal.artifacts.ivyservice.resolveengine.artifact.DefaultResolvedVariantSet::getVariants (5 bytes)
Event: 18.945 Thread 0x000002967b7bf9d0 nmethod 9456 0x0000029663486890 code [0x0000029663486a20, 0x0000029663486b38]
Event: 18.945 Thread 0x000002967b7bf9d0 9457       3       org.gradle.api.internal.artifacts.ivyservice.resolveengine.artifact.ArtifactBackedResolvedVariant::getAttributes (5 bytes)
Event: 18.945 Thread 0x000002967b7bf9d0 nmethod 9457 0x0000029663489a90 code [0x0000029663489c20, 0x0000029663489d38]
Event: 18.945 Thread 0x000002967b7bf9d0 9459       3       org.gradle.api.internal.artifacts.ivyservice.projectmodule.ProjectDependencyResolver::resolveArtifact (23 bytes)
Event: 18.945 Thread 0x000002967b7bf9d0 nmethod 9459 0x00000296629be890 code [0x00000296629bea60, 0x00000296629bee58]
Event: 18.945 Thread 0x000002967b7bf9d0 9453       3       org.gradle.api.internal.attributes.DefaultMutableAttributeContainer::asImmutable (9 bytes)
Event: 18.945 Thread 0x000002967b7bf9d0 nmethod 9453 0x0000029663550990 code [0x0000029663550b20, 0x0000029663550c68]
Event: 18.945 Thread 0x000002967b7bf9d0 9461       3       org.gradle.api.internal.artifacts.ivyservice.resolveengine.artifact.ArtifactBackedResolvedVariant$SingleArtifactSet::startFinalization (51 bytes)
Event: 18.945 Thread 0x000002967b7bbf10 nmethod 9460 0x000002966a633190 code [0x000002966a633320, 0x000002966a6333f8]
Event: 18.946 Thread 0x000002967b7bf9d0 nmethod 9461 0x0000029662f6a410 code [0x0000029662f6a620, 0x0000029662f6ad18]
Event: 18.946 Thread 0x000002967b7bf9d0 9454   !   3       org.gradle.api.internal.attributes.DefaultMutableAttributeContainer::realizeAllLazyAttributes (63 bytes)
Event: 18.947 Thread 0x000002967b7bf9d0 nmethod 9454 0x0000029662a60e90 code [0x0000029662a61120, 0x0000029662a61ce8]
Event: 18.956 Thread 0x000002967b7bf9d0 9462       3       org.gradle.api.internal.collections.ListElementSource$$Lambda$396/0x0000000800fc9070::isSatisfiedBy (8 bytes)
Event: 18.956 Thread 0x000002967b7bf9d0 nmethod 9462 0x0000029662daf290 code [0x0000029662daf440, 0x0000029662daf698]
Event: 18.957 Thread 0x000002967b7bf9d0 9463       3       org.gradle.api.internal.collections.ListElementSource$RealizedElementListIterator::next (59 bytes)
Event: 18.957 Thread 0x000002967b7bf9d0 nmethod 9463 0x0000029663442c10 code [0x0000029663442e00, 0x0000029663443378]
Event: 19.008 Thread 0x000002967b7bf9d0 9464       3       sun.nio.ch.FileChannelImpl::open (16 bytes)

GC Heap History (20 events):
Event: 16.602 GC heap after
{Heap after GC invocations=28 (full 0):
 garbage-first heap   total 327680K, used 133839K [0x0000000740000000, 0x0000000800000000)
  region size 2048K, 6 young (12288K), 6 survivors (12288K)
 Metaspace       used 67079K, committed 67840K, reserved 1114112K
  class space    used 9323K, committed 9664K, reserved 1048576K
}
Event: 16.693 GC heap before
{Heap before GC invocations=28 (full 0):
 garbage-first heap   total 327680K, used 156367K [0x0000000740000000, 0x0000000800000000)
  region size 2048K, 7 young (14336K), 6 survivors (12288K)
 Metaspace       used 67080K, committed 67840K, reserved 1114112K
  class space    used 9323K, committed 9664K, reserved 1048576K
}
Event: 16.698 GC heap after
{Heap after GC invocations=29 (full 0):
 garbage-first heap   total 327680K, used 133846K [0x0000000740000000, 0x0000000800000000)
  region size 2048K, 3 young (6144K), 3 survivors (6144K)
 Metaspace       used 67080K, committed 67840K, reserved 1114112K
  class space    used 9323K, committed 9664K, reserved 1048576K
}
Event: 16.767 GC heap before
{Heap before GC invocations=29 (full 0):
 garbage-first heap   total 327680K, used 152278K [0x0000000740000000, 0x0000000800000000)
  region size 2048K, 4 young (8192K), 3 survivors (6144K)
 Metaspace       used 67081K, committed 67840K, reserved 1114112K
  class space    used 9323K, committed 9664K, reserved 1048576K
}
Event: 16.769 GC heap after
{Heap after GC invocations=30 (full 0):
 garbage-first heap   total 327680K, used 133144K [0x0000000740000000, 0x0000000800000000)
  region size 2048K, 3 young (6144K), 3 survivors (6144K)
 Metaspace       used 67081K, committed 67840K, reserved 1114112K
  class space    used 9323K, committed 9664K, reserved 1048576K
}
Event: 16.834 GC heap before
{Heap before GC invocations=30 (full 0):
 garbage-first heap   total 327680K, used 149528K [0x0000000740000000, 0x0000000800000000)
  region size 2048K, 4 young (8192K), 3 survivors (6144K)
 Metaspace       used 67083K, committed 67840K, reserved 1114112K
  class space    used 9323K, committed 9664K, reserved 1048576K
}
Event: 16.836 GC heap after
{Heap after GC invocations=31 (full 0):
 garbage-first heap   total 327680K, used 133518K [0x0000000740000000, 0x0000000800000000)
  region size 2048K, 3 young (6144K), 3 survivors (6144K)
 Metaspace       used 67083K, committed 67840K, reserved 1114112K
  class space    used 9323K, committed 9664K, reserved 1048576K
}
Event: 17.022 GC heap before
{Heap before GC invocations=31 (full 0):
 garbage-first heap   total 327680K, used 156046K [0x0000000740000000, 0x0000000800000000)
  region size 2048K, 6 young (12288K), 3 survivors (6144K)
 Metaspace       used 67301K, committed 67968K, reserved 1114112K
  class space    used 9334K, committed 9664K, reserved 1048576K
}
Event: 17.024 GC heap after
{Heap after GC invocations=32 (full 0):
 garbage-first heap   total 393216K, used 133835K [0x0000000740000000, 0x0000000800000000)
  region size 2048K, 3 young (6144K), 3 survivors (6144K)
 Metaspace       used 67301K, committed 67968K, reserved 1114112K
  class space    used 9334K, committed 9664K, reserved 1048576K
}
Event: 18.020 GC heap before
{Heap before GC invocations=32 (full 0):
 garbage-first heap   total 393216K, used 273099K [0x0000000740000000, 0x0000000800000000)
  region size 2048K, 50 young (102400K), 3 survivors (6144K)
 Metaspace       used 71490K, committed 72256K, reserved 1114112K
  class space    used 9901K, committed 10240K, reserved 1048576K
}
Event: 18.028 GC heap after
{Heap after GC invocations=33 (full 0):
 garbage-first heap   total 393216K, used 141353K [0x0000000740000000, 0x0000000800000000)
  region size 2048K, 7 young (14336K), 7 survivors (14336K)
 Metaspace       used 71490K, committed 72256K, reserved 1114112K
  class space    used 9901K, committed 10240K, reserved 1048576K
}
Event: 18.208 GC heap before
{Heap before GC invocations=33 (full 0):
 garbage-first heap   total 393216K, used 188457K [0x0000000740000000, 0x0000000800000000)
  region size 2048K, 9 young (18432K), 7 survivors (14336K)
 Metaspace       used 71532K, committed 72320K, reserved 1114112K
  class space    used 9901K, committed 10240K, reserved 1048576K
}
Event: 18.215 GC heap after
{Heap after GC invocations=34 (full 0):
 garbage-first heap   total 393216K, used 142313K [0x0000000740000000, 0x0000000800000000)
  region size 2048K, 5 young (10240K), 5 survivors (10240K)
 Metaspace       used 71532K, committed 72320K, reserved 1114112K
  class space    used 9901K, committed 10240K, reserved 1048576K
}
Event: 18.360 GC heap before
{Heap before GC invocations=34 (full 0):
 garbage-first heap   total 393216K, used 183273K [0x0000000740000000, 0x0000000800000000)
  region size 2048K, 6 young (12288K), 5 survivors (10240K)
 Metaspace       used 71542K, committed 72320K, reserved 1114112K
  class space    used 9901K, committed 10240K, reserved 1048576K
}
Event: 18.365 GC heap after
{Heap after GC invocations=35 (full 0):
 garbage-first heap   total 393216K, used 142609K [0x0000000740000000, 0x0000000800000000)
  region size 2048K, 5 young (10240K), 5 survivors (10240K)
 Metaspace       used 71542K, committed 72320K, reserved 1114112K
  class space    used 9901K, committed 10240K, reserved 1048576K
}
Event: 18.501 GC heap before
{Heap before GC invocations=35 (full 0):
 garbage-first heap   total 393216K, used 183569K [0x0000000740000000, 0x0000000800000000)
  region size 2048K, 6 young (12288K), 5 survivors (10240K)
 Metaspace       used 71543K, committed 72320K, reserved 1114112K
  class space    used 9901K, committed 10240K, reserved 1048576K
}
Event: 18.507 GC heap after
{Heap after GC invocations=36 (full 0):
 garbage-first heap   total 393216K, used 142436K [0x0000000740000000, 0x0000000800000000)
  region size 2048K, 5 young (10240K), 5 survivors (10240K)
 Metaspace       used 71543K, committed 72320K, reserved 1114112K
  class space    used 9901K, committed 10240K, reserved 1048576K
}
Event: 18.612 GC heap before
{Heap before GC invocations=36 (full 0):
 garbage-first heap   total 393216K, used 162916K [0x0000000740000000, 0x0000000800000000)
  region size 2048K, 7 young (14336K), 5 survivors (10240K)
 Metaspace       used 71586K, committed 72384K, reserved 1114112K
  class space    used 9901K, committed 10240K, reserved 1048576K
}
Event: 18.618 GC heap after
{Heap after GC invocations=37 (full 0):
 garbage-first heap   total 393216K, used 142027K [0x0000000740000000, 0x0000000800000000)
  region size 2048K, 5 young (10240K), 5 survivors (10240K)
 Metaspace       used 71586K, committed 72384K, reserved 1114112K
  class space    used 9901K, committed 10240K, reserved 1048576K
}
Event: 19.008 GC heap before
{Heap before GC invocations=37 (full 0):
 garbage-first heap   total 393216K, used 191179K [0x0000000740000000, 0x0000000800000000)
  region size 2048K, 11 young (22528K), 5 survivors (10240K)
 Metaspace       used 71694K, committed 72448K, reserved 1114112K
  class space    used 9904K, committed 10240K, reserved 1048576K
}

Deoptimization events (20 events):
Event: 17.483 Thread 0x000002967d4af4c0 DEOPT PACKING pc=0x000002966a6b29a4 sp=0x000000fd711f8e80
Event: 17.483 Thread 0x000002967d4af4c0 DEOPT UNPACKING pc=0x0000029669d523a3 sp=0x000000fd711f8e58 mode 2
Event: 17.484 Thread 0x000002967d4af4c0 Uncommon trap: trap_request=0xffffff45 fr.pc=0x000002966a529b24 relative=0x0000000000000444
Event: 17.484 Thread 0x000002967d4af4c0 Uncommon trap: reason=unstable_if action=reinterpret pc=0x000002966a529b24 method=org.objectweb.asm.MethodWriter.visitVarInsn(II)V @ 224 c2
Event: 17.484 Thread 0x000002967d4af4c0 DEOPT PACKING pc=0x000002966a529b24 sp=0x000000fd711f9100
Event: 17.484 Thread 0x000002967d4af4c0 DEOPT UNPACKING pc=0x0000029669d523a3 sp=0x000000fd711f90a8 mode 2
Event: 17.484 Thread 0x000002967d4af4c0 Uncommon trap: trap_request=0xffffff45 fr.pc=0x000002966a3efd78 relative=0x0000000000005f78
Event: 17.484 Thread 0x000002967d4af4c0 Uncommon trap: reason=unstable_if action=reinterpret pc=0x000002966a3efd78 method=org.objectweb.asm.Type.getTypeInternal(Ljava/lang/String;II)Lorg/objectweb/asm/Type; @ 5 c2
Event: 17.484 Thread 0x000002967d4af4c0 DEOPT PACKING pc=0x000002966a3efd78 sp=0x000000fd711f9260
Event: 17.484 Thread 0x000002967d4af4c0 DEOPT UNPACKING pc=0x0000029669d523a3 sp=0x000000fd711f90b0 mode 2
Event: 17.575 Thread 0x000002967d4af4c0 DEOPT PACKING pc=0x00000296631509f4 sp=0x000000fd711fa9d0
Event: 17.575 Thread 0x000002967d4af4c0 DEOPT UNPACKING pc=0x0000029669d52b43 sp=0x000000fd711f9e30 mode 0
Event: 17.695 Thread 0x000002967d4af4c0 Uncommon trap: trap_request=0xfffffff4 fr.pc=0x000002966a7dedb0 relative=0x0000000000000110
Event: 17.695 Thread 0x000002967d4af4c0 Uncommon trap: reason=null_check action=make_not_entrant pc=0x000002966a7dedb0 method=org.codehaus.groovy.runtime.typehandling.DefaultTypeTransformation.castToType(Ljava/lang/Object;Ljava/lang/Class;)Ljava/lang/Object; @ 41 c2
Event: 17.695 Thread 0x000002967d4af4c0 DEOPT PACKING pc=0x000002966a7dedb0 sp=0x000000fd711fabe0
Event: 17.695 Thread 0x000002967d4af4c0 DEOPT UNPACKING pc=0x0000029669d523a3 sp=0x000000fd711fab80 mode 2
Event: 18.882 Thread 0x000002967d4af4c0 Uncommon trap: trap_request=0xffffff45 fr.pc=0x000002966a72db70 relative=0x00000000000014f0
Event: 18.882 Thread 0x000002967d4af4c0 Uncommon trap: reason=unstable_if action=reinterpret pc=0x000002966a72db70 method=com.esotericsoftware.kryo.io.Input.readString()Ljava/lang/String; @ 38 c2
Event: 18.882 Thread 0x000002967d4af4c0 DEOPT PACKING pc=0x000002966a72db70 sp=0x000000fd711f7ce0
Event: 18.882 Thread 0x000002967d4af4c0 DEOPT UNPACKING pc=0x0000029669d523a3 sp=0x000000fd711f7b78 mode 2

Classes unloaded (0 events):
No events

Classes redefined (0 events):
No events

Internal exceptions (20 events):
Event: 17.806 Thread 0x000002967d4af4c0 Exception <a 'java/lang/ClassNotFoundException'{0x0000000752b9b648}: java/lang/IllegalArgumentExceptionBeanInfo> (0x0000000752b9b648) 
thrown [s\open\src\hotspot\share\classfile\systemDictionary.cpp, line 256]
Event: 17.807 Thread 0x000002967d4af4c0 Exception <a 'java/lang/ClassNotFoundException'{0x0000000752ba1238}: java/lang/RuntimeExceptionBeanInfo> (0x0000000752ba1238) 
thrown [s\open\src\hotspot\share\classfile\systemDictionary.cpp, line 256]
Event: 17.807 Thread 0x000002967d4af4c0 Exception <a 'java/lang/ClassNotFoundException'{0x0000000752ba6dc0}: java/lang/ExceptionBeanInfo> (0x0000000752ba6dc0) 
thrown [s\open\src\hotspot\share\classfile\systemDictionary.cpp, line 256]
Event: 17.807 Thread 0x000002967d4af4c0 Exception <a 'java/lang/ClassNotFoundException'{0x0000000752bac948}: java/lang/ThrowableBeanInfo> (0x0000000752bac948) 
thrown [s\open\src\hotspot\share\classfile\systemDictionary.cpp, line 256]
Event: 17.807 Thread 0x000002967d4af4c0 Exception <a 'java/lang/ClassNotFoundException'{0x0000000752bb24a0}: java/lang/ThrowableCustomizer> (0x0000000752bb24a0) 
thrown [s\open\src\hotspot\share\classfile\systemDictionary.cpp, line 256]
Event: 17.808 Thread 0x000002967d4af4c0 Exception <a 'java/lang/ClassNotFoundException'{0x0000000752bc06b0}: java/lang/ExceptionCustomizer> (0x0000000752bc06b0) 
thrown [s\open\src\hotspot\share\classfile\systemDictionary.cpp, line 256]
Event: 17.808 Thread 0x000002967d4af4c0 Exception <a 'java/lang/ClassNotFoundException'{0x0000000752bc88a0}: java/lang/RuntimeExceptionCustomizer> (0x0000000752bc88a0) 
thrown [s\open\src\hotspot\share\classfile\systemDictionary.cpp, line 256]
Event: 17.808 Thread 0x000002967d4af4c0 Exception <a 'java/lang/ClassNotFoundException'{0x0000000752bd0b08}: java/lang/IllegalArgumentExceptionCustomizer> (0x0000000752bd0b08) 
thrown [s\open\src\hotspot\share\classfile\systemDictionary.cpp, line 256]
Event: 17.897 Thread 0x000002967d4af4c0 Exception <a 'java/lang/ClassNotFoundException'{0x00000007520540f8}: java/util/CollectionBeanInfo> (0x00000007520540f8) 
thrown [s\open\src\hotspot\share\classfile\systemDictionary.cpp, line 256]
Event: 17.897 Thread 0x000002967d4af4c0 Exception <a 'java/lang/ClassNotFoundException'{0x0000000752058720}: java/util/CollectionCustomizer> (0x0000000752058720) 
thrown [s\open\src\hotspot\share\classfile\systemDictionary.cpp, line 256]
Event: 17.903 Thread 0x000002967d4af4c0 Exception <a 'java/lang/ClassNotFoundException'{0x00000007520bcfa0}: org/jetbrains/plugins/gradle/model/DefaultExternalSourceSetBeanInfo> (0x00000007520bcfa0) 
thrown [s\open\src\hotspot\share\classfile\systemDictionary.cpp, line 256]
Event: 17.904 Thread 0x000002967d4af4c0 Exception <a 'java/lang/ClassNotFoundException'{0x00000007520c69e0}: org/jetbrains/plugins/gradle/model/DefaultExternalSourceSetCustomizer> (0x00000007520c69e0) 
thrown [s\open\src\hotspot\share\classfile\systemDictionary.cpp, line 256]
Event: 17.910 Thread 0x000002967d4af4c0 Exception <a 'java/lang/ClassNotFoundException'{0x0000000752125918}: org/jetbrains/plugins/gradle/model/DefaultExternalSourceDirectorySetBeanInfo> (0x0000000752125918) 
thrown [s\open\src\hotspot\share\classfile\systemDictionary.cpp, line 256]
Event: 17.910 Thread 0x000002967d4af4c0 Exception <a 'java/lang/ClassNotFoundException'{0x000000075212f430}: org/jetbrains/plugins/gradle/model/DefaultExternalSourceDirectorySetCustomizer> (0x000000075212f430) 
thrown [s\open\src\hotspot\share\classfile\systemDictionary.cpp, line 256]
Event: 17.917 Thread 0x000002967d4af4c0 Exception <a 'java/lang/ClassNotFoundException'{0x0000000752171040}: org/gradle/api/tasks/SourceSetBeanInfo> (0x0000000752171040) 
thrown [s\open\src\hotspot\share\classfile\systemDictionary.cpp, line 256]
Event: 17.918 Thread 0x000002967d4af4c0 Exception <a 'java/lang/ClassNotFoundException'{0x000000075217c230}: org/gradle/api/tasks/SourceSetCustomizer> (0x000000075217c230) 
thrown [s\open\src\hotspot\share\classfile\systemDictionary.cpp, line 256]
Event: 17.924 Thread 0x000002967d4af4c0 Exception <a 'java/lang/ClassNotFoundException'{0x00000007521cd728}: com/intellij/openapi/externalSystem/model/project/ExternalSystemSourceTypeBeanInfo> (0x00000007521cd728) 
thrown [s\open\src\hotspot\share\classfile\systemDictionary.cpp, line 256]
Event: 17.925 Thread 0x000002967d4af4c0 Exception <a 'java/lang/ClassNotFoundException'{0x00000007521d7440}: com/intellij/openapi/externalSystem/model/project/ExternalSystemSourceTypeCustomizer> (0x00000007521d7440) 
thrown [s\open\src\hotspot\share\classfile\systemDictionary.cpp, line 256]
Event: 17.928 Thread 0x000002967d4af4c0 Exception <a 'java/lang/ClassNotFoundException'{0x0000000751e033d8}: org/jetbrains/plugins/gradle/tooling/util/resolve/DependencyResolverImplBeanInfo> (0x0000000751e033d8) 
thrown [s\open\src\hotspot\share\classfile\systemDictionary.cpp, line 256]
Event: 17.928 Thread 0x000002967d4af4c0 Exception <a 'java/lang/ClassNotFoundException'{0x0000000751e0d0d8}: org/jetbrains/plugins/gradle/tooling/util/resolve/DependencyResolverImplCustomizer> (0x0000000751e0d0d8) 
thrown [s\open\src\hotspot\share\classfile\systemDictionary.cpp, line 256]

VM Operations (20 events):
Event: 17.454 Executing VM operation: HandshakeAllThreads done
Event: 17.473 Executing VM operation: HandshakeAllThreads
Event: 17.473 Executing VM operation: HandshakeAllThreads done
Event: 17.483 Executing VM operation: HandshakeAllThreads
Event: 17.483 Executing VM operation: HandshakeAllThreads done
Event: 17.765 Executing VM operation: ICBufferFull
Event: 17.765 Executing VM operation: ICBufferFull done
Event: 17.775 Executing VM operation: HandshakeAllThreads
Event: 17.775 Executing VM operation: HandshakeAllThreads done
Event: 18.020 Executing VM operation: G1TryInitiateConcMark
Event: 18.028 Executing VM operation: G1TryInitiateConcMark done
Event: 18.208 Executing VM operation: G1TryInitiateConcMark
Event: 18.215 Executing VM operation: G1TryInitiateConcMark done
Event: 18.359 Executing VM operation: G1TryInitiateConcMark
Event: 18.365 Executing VM operation: G1TryInitiateConcMark done
Event: 18.501 Executing VM operation: G1TryInitiateConcMark
Event: 18.507 Executing VM operation: G1TryInitiateConcMark done
Event: 18.612 Executing VM operation: G1TryInitiateConcMark
Event: 18.618 Executing VM operation: G1TryInitiateConcMark done
Event: 19.008 Executing VM operation: G1TryInitiateConcMark

Events (20 events):
Event: 17.808 loading class java/lang/IllegalArgumentExceptionCustomizer done
Event: 17.893 loading class jdk/internal/reflect/UnsafeQualifiedIntegerFieldAccessorImpl
Event: 17.893 loading class jdk/internal/reflect/UnsafeQualifiedIntegerFieldAccessorImpl done
Event: 17.897 loading class java/util/CollectionBeanInfo
Event: 17.897 loading class java/util/CollectionBeanInfo done
Event: 17.897 loading class java/util/CollectionBeanInfo
Event: 17.897 loading class java/util/CollectionBeanInfo done
Event: 17.897 loading class java/util/CollectionCustomizer
Event: 17.897 loading class java/util/CollectionCustomizer done
Event: 17.897 loading class java/util/CollectionCustomizer
Event: 17.897 loading class java/util/CollectionCustomizer done
Event: 17.913 loading class jdk/internal/reflect/UnsafeQualifiedStaticBooleanFieldAccessorImpl
Event: 17.914 loading class jdk/internal/reflect/UnsafeQualifiedStaticBooleanFieldAccessorImpl done
Event: 17.945 Thread 0x000002967fa32660 Thread added: 0x000002967fa32660
Event: 17.946 Thread 0x000002967fa2f170 Thread added: 0x000002967fa2f170
Event: 18.140 Thread 0x000002967cce46b0 Thread exited: 0x000002967cce46b0
Event: 18.140 Thread 0x000002967cce50d0 Thread exited: 0x000002967cce50d0
Event: 18.606 Thread 0x000002967cce2850 Thread added: 0x000002967cce2850
Event: 18.777 Thread 0x000002967cce2850 Thread exited: 0x000002967cce2850
Event: 18.945 Thread 0x000002967fa31320 Thread added: 0x000002967fa31320


Dynamic libraries:
0x00007ff76f190000 - 0x00007ff76f1a0000 	C:\Program Files\Java\jdk-17\bin\java.exe
0x00007ffef3ed0000 - 0x00007ffef40c8000 	C:\Windows\SYSTEM32\ntdll.dll
0x00007ffef1f90000 - 0x00007ffef204d000 	C:\Windows\System32\KERNEL32.DLL
0x00007ffef1590000 - 0x00007ffef1886000 	C:\Windows\System32\KERNELBASE.dll
0x0000000066f20000 - 0x0000000067252000 	C:\Program Files\Norton Security\NortonData\22.22.2.10\Definitions\IPSDefs\20240223.064\IPSEng64.dll
0x00007ffef3c90000 - 0x00007ffef3d43000 	C:\Windows\System32\ADVAPI32.dll
0x00007ffef3240000 - 0x00007ffef32de000 	C:\Windows\System32\msvcrt.dll
0x00007ffef3d50000 - 0x00007ffef3def000 	C:\Windows\System32\sechost.dll
0x00007ffef29d0000 - 0x00007ffef2af6000 	C:\Windows\System32\RPCRT4.dll
0x00007ffef1b80000 - 0x00007ffef1ba7000 	C:\Windows\System32\bcrypt.dll
0x00007ffef1f80000 - 0x00007ffef1f88000 	C:\Windows\System32\PSAPI.DLL
0x00007ffef19e0000 - 0x00007ffef1ae0000 	C:\Windows\System32\ucrtbase.dll
0x00007ffec1f40000 - 0x00007ffec1f5b000 	C:\Program Files\Java\jdk-17\bin\VCRUNTIME140.dll
0x00007ffec1d70000 - 0x00007ffec1d88000 	C:\Program Files\Java\jdk-17\bin\jli.dll
0x00007ffef2830000 - 0x00007ffef29ce000 	C:\Windows\System32\USER32.dll
0x00007ffef19b0000 - 0x00007ffef19d2000 	C:\Windows\System32\win32u.dll
0x00007ffef3df0000 - 0x00007ffef3e1b000 	C:\Windows\System32\GDI32.dll
0x00007ffee02a0000 - 0x00007ffee053a000 	C:\Windows\WinSxS\amd64_microsoft.windows.common-controls_6595b64144ccf1df_6.0.19041.3636_none_60b6a03d71f818d5\COMCTL32.dll
0x00007ffef1890000 - 0x00007ffef19a7000 	C:\Windows\System32\gdi32full.dll
0x00007ffef1ae0000 - 0x00007ffef1b7d000 	C:\Windows\System32\msvcp_win.dll
0x00007ffeed610000 - 0x00007ffeed61a000 	C:\Windows\SYSTEM32\VERSION.dll
0x00007ffef30e0000 - 0x00007ffef3112000 	C:\Windows\System32\IMM32.DLL
0x00007ffeec870000 - 0x00007ffeec87c000 	C:\Program Files\Java\jdk-17\bin\vcruntime140_1.dll
0x00007ffe80460000 - 0x00007ffe804ee000 	C:\Program Files\Java\jdk-17\bin\msvcp140.dll
0x00007ffe6ffb0000 - 0x00007ffe70b87000 	C:\Program Files\Java\jdk-17\bin\server\jvm.dll
0x00007ffed9120000 - 0x00007ffed9129000 	C:\Windows\SYSTEM32\WSOCK32.dll
0x00007ffed4b60000 - 0x00007ffed4b87000 	C:\Windows\SYSTEM32\WINMM.dll
0x00007ffef3e20000 - 0x00007ffef3e8b000 	C:\Windows\System32\WS2_32.dll
0x00007ffeef440000 - 0x00007ffeef452000 	C:\Windows\SYSTEM32\kernel.appcore.dll
0x00007ffed48c0000 - 0x00007ffed48ca000 	C:\Program Files\Java\jdk-17\bin\jimage.dll
0x00007ffedcef0000 - 0x00007ffedd0d4000 	C:\Windows\SYSTEM32\DBGHELP.DLL
0x00007ffedc830000 - 0x00007ffedc864000 	C:\Windows\SYSTEM32\dbgcore.DLL
0x00007ffef1cd0000 - 0x00007ffef1d52000 	C:\Windows\System32\bcryptPrimitives.dll
0x00007ffec3da0000 - 0x00007ffec3dae000 	C:\Program Files\Java\jdk-17\bin\instrument.dll
0x00007ffec19f0000 - 0x00007ffec1a15000 	C:\Program Files\Java\jdk-17\bin\java.dll
0x00007ffe7d050000 - 0x00007ffe7d127000 	C:\Program Files\Java\jdk-17\bin\jsvml.dll
0x00007ffef2050000 - 0x00007ffef2795000 	C:\Windows\System32\SHELL32.dll
0x00007ffeef640000 - 0x00007ffeefddc000 	C:\Windows\SYSTEM32\windows.storage.dll
0x00007ffef32e0000 - 0x00007ffef3634000 	C:\Windows\System32\combase.dll
0x00007ffef0fc0000 - 0x00007ffef0fee000 	C:\Windows\SYSTEM32\Wldp.dll
0x00007ffef3ab0000 - 0x00007ffef3b7d000 	C:\Windows\System32\OLEAUT32.dll
0x00007ffef2c30000 - 0x00007ffef2cdd000 	C:\Windows\System32\SHCORE.dll
0x00007ffef3080000 - 0x00007ffef30d5000 	C:\Windows\System32\shlwapi.dll
0x00007ffef14c0000 - 0x00007ffef14e5000 	C:\Windows\SYSTEM32\profapi.dll
0x00007ffec0c60000 - 0x00007ffec0c78000 	C:\Program Files\Java\jdk-17\bin\zip.dll
0x00007ffec0000000 - 0x00007ffec0019000 	C:\Program Files\Java\jdk-17\bin\net.dll
0x00007ffeeabd0000 - 0x00007ffeeacda000 	C:\Windows\SYSTEM32\WINHTTP.dll
0x00007ffef0d20000 - 0x00007ffef0d8a000 	C:\Windows\system32\mswsock.dll
0x00007ffebeed0000 - 0x00007ffebeee6000 	C:\Program Files\Java\jdk-17\bin\nio.dll
0x00007ffec1830000 - 0x00007ffec1840000 	C:\Program Files\Java\jdk-17\bin\verify.dll
0x00007ffec4060000 - 0x00007ffec4087000 	C:\Users\hornr\.gradle\native\c067742578af261105cb4f569cf0c3c89f3d7b1fecec35dd04571415982c5e48\windows-amd64\native-platform.dll
0x00007ffe81280000 - 0x00007ffe813c4000 	C:\Users\hornr\.gradle\native\38dada09dfb8b06ba9b0570ebf7e218e3eb74d4ef43ca46872605cf95ebc2f47\windows-amd64\native-platform-file-events.dll
0x00007ffec0650000 - 0x00007ffec065a000 	C:\Program Files\Java\jdk-17\bin\management.dll
0x00007ffebfff0000 - 0x00007ffebfffb000 	C:\Program Files\Java\jdk-17\bin\management_ext.dll
0x00007ffef0f10000 - 0x00007ffef0f28000 	C:\Windows\SYSTEM32\CRYPTSP.dll
0x00007ffef05e0000 - 0x00007ffef0614000 	C:\Windows\system32\rsaenh.dll
0x00007ffef1440000 - 0x00007ffef146e000 	C:\Windows\SYSTEM32\USERENV.dll
0x00007ffef0f30000 - 0x00007ffef0f3c000 	C:\Windows\SYSTEM32\CRYPTBASE.dll
0x00007ffef09c0000 - 0x00007ffef09fb000 	C:\Windows\SYSTEM32\IPHLPAPI.DLL
0x00007ffef1f70000 - 0x00007ffef1f78000 	C:\Windows\System32\NSI.dll
0x00007ffeed5e0000 - 0x00007ffeed5f7000 	C:\Windows\SYSTEM32\dhcpcsvc6.DLL
0x00007ffeed5c0000 - 0x00007ffeed5dd000 	C:\Windows\SYSTEM32\dhcpcsvc.DLL
0x00007ffef0a00000 - 0x00007ffef0acb000 	C:\Windows\SYSTEM32\DNSAPI.dll
0x00007ffebeec0000 - 0x00007ffebeecd000 	C:\Program Files\Java\jdk-17\bin\sunmscapi.dll
0x00007ffef1db0000 - 0x00007ffef1f0d000 	C:\Windows\System32\CRYPT32.dll
0x00007ffef1030000 - 0x00007ffef1058000 	C:\Windows\SYSTEM32\ncrypt.dll
0x00007ffef0ff0000 - 0x00007ffef102b000 	C:\Windows\SYSTEM32\NTASN1.dll
0x00007ffec0950000 - 0x00007ffec0957000 	C:\Windows\system32\wshunix.dll
0x00000000683b0000 - 0x00000000683e5000 	C:\Program Files\Bonjour\mdnsNSP.dll
0x00007ffee8190000 - 0x00007ffee819a000 	C:\Windows\System32\rasadhlp.dll
0x00007ffee7b80000 - 0x00007ffee7c00000 	C:\Windows\System32\fwpuclnt.dll

dbghelp: loaded successfully - version: 4.0.5 - missing functions: none
symbol engine: initialized successfully - sym options: 0x614 - pdb path: .;C:\Program Files\Java\jdk-17\bin;C:\Windows\SYSTEM32;C:\Program Files\Norton Security\NortonData\22.22.2.10\Definitions\IPSDefs\20240223.064;C:\Windows\WinSxS\amd64_microsoft.windows.common-controls_6595b64144ccf1df_6.0.19041.3636_none_60b6a03d71f818d5;C:\Program Files\Java\jdk-17\bin\server;C:\Users\hornr\.gradle\native\c067742578af261105cb4f569cf0c3c89f3d7b1fecec35dd04571415982c5e48\windows-amd64;C:\Users\hornr\.gradle\native\38dada09dfb8b06ba9b0570ebf7e218e3eb74d4ef43ca46872605cf95ebc2f47\windows-amd64;C:\Program Files\Bonjour

VM Arguments:
jvm_args: --add-opens=java.base/java.util=ALL-UNNAMED --add-opens=java.base/java.lang=ALL-UNNAMED --add-opens=java.base/java.lang.invoke=ALL-UNNAMED --add-opens=java.prefs/java.util.prefs=ALL-UNNAMED --add-opens=java.base/java.nio.charset=ALL-UNNAMED --add-opens=java.base/java.net=ALL-UNNAMED --add-opens=java.base/java.util.concurrent.atomic=ALL-UNNAMED -Xmx3G -Dfile.encoding=windows-31j -Duser.country=JP -Duser.language=ja -Duser.variant -javaagent:C:\Users\hornr\.gradle\wrapper\dists\gradle-8.4-all\56r6xik2f6skrm47et0ibifug\gradle-8.4\lib\agents\gradle-instrumentation-agent-8.4.jar 
java_command: org.gradle.launcher.daemon.bootstrap.GradleDaemon 8.4
java_class_path (initial): C:\Users\hornr\.gradle\wrapper\dists\gradle-8.4-all\56r6xik2f6skrm47et0ibifug\gradle-8.4\lib\gradle-launcher-8.4.jar
Launcher Type: SUN_STANDARD

[Global flags]
     intx CICompilerCount                          = 4                                         {product} {ergonomic}
     uint ConcGCThreads                            = 2                                         {product} {ergonomic}
     uint G1ConcRefinementThreads                  = 8                                         {product} {ergonomic}
   size_t G1HeapRegionSize                         = 2097152                                   {product} {ergonomic}
    uintx GCDrainStackTargetSize                   = 64                                        {product} {ergonomic}
   size_t InitialHeapSize                          = 266338304                                 {product} {ergonomic}
   size_t MarkStackSize                            = 4194304                                   {product} {ergonomic}
   size_t MaxHeapSize                              = 3221225472                                {product} {command line}
   size_t MaxNewSize                               = 1931476992                                {product} {ergonomic}
   size_t MinHeapDeltaBytes                        = 2097152                                   {product} {ergonomic}
   size_t MinHeapSize                              = 8388608                                   {product} {ergonomic}
    uintx NonNMethodCodeHeapSize                   = 5839372                                {pd product} {ergonomic}
    uintx NonProfiledCodeHeapSize                  = 122909434                              {pd product} {ergonomic}
    uintx ProfiledCodeHeapSize                     = 122909434                              {pd product} {ergonomic}
    uintx ReservedCodeCacheSize                    = 251658240                              {pd product} {ergonomic}
     bool SegmentedCodeCache                       = true                                      {product} {ergonomic}
   size_t SoftMaxHeapSize                          = 3221225472                             {manageable} {ergonomic}
     bool UseCompressedClassPointers               = true                           {product lp64_product} {ergonomic}
     bool UseCompressedOops                        = true                           {product lp64_product} {ergonomic}
     bool UseG1GC                                  = true                                      {product} {ergonomic}
     bool UseLargePagesIndividualAllocation        = false                                  {pd product} {ergonomic}

Logging:
Log output configuration:
 #0: stdout all=warning uptime,level,tags
 #1: stderr all=off uptime,level,tags

Environment Variables:
JAVA_HOME=C:\Program Files\Java\jdk-17\
PATH=C:\Program Files\Common Files\Oracle\Java\javapath;C:\Program Files (x86)\Common Files\Oracle\Java\javapath;C:\pg\Python38\Scripts\;C:\pg\Python38\;C:\Windows\system32;C:\Windows;C:\Windows\System32\Wbem;C:\Windows\System32\WindowsPowerShell\v1.0\;C:\Windows\System32\OpenSSH\;C:\Program Files\Microsoft SQL Server\130\Tools\Binn\;C:\Program Files\Microsoft SQL Server\150\Tools\Binn\;C:\ProgramData\chocolatey\bin;C:\MinGW\bin;C:\Users\a2141\AppData\Local\Programs\Python\Python310;C:\xampp;C:\Program Files\Google\Chrome\Application;C:\Program Files (x86)\Microsoft\Edge\Application;C:\Windows\Microsoft.NET\Framework64\v4.0.30319;C:\Program Files\dotnet\;C:\Users\a2141\Downloads\ffmpeg-master-latest-win64-gpl-shared.zip\ffmpeg-master-latest-win64-gpl-shared\bin;C:\Program Files\Java\jdk-19\bin;C:\Program Files (x86)\Google\Chrome\Application;C:\pleiades\2022-12\eclipse\;C:\Users\hornr\OneDrive\fXNgbv\files (online-audio-converter.com)\apache-tomcat-9.0.73\bin;C:\Pr;gram Files(x86)\GnuWin32\bin;C:\Program Files(x86)\GnuWin32\bin;C:\pg\mingw64\bin;C:\Users\hornr\OneDrive\fXNgbv\files (online-audio-converter.com)\ffmpeg-master-latest-win64-gpl-shared\bin;%GRAD;E_HOME%\bin;C:\HashiCorp\Vagrant\bin;C:\Program Files\Git\cmd;C:\Users\hornr\snyk.exe;C:\Users\hornr\anaconda3\Scripts;C:\Program Files\Docker\Docker\resources\bin;C:\Users\hornr\AppData\Roaming\nvm;C:\Program Files\nodejs;C:\lang\go\bin;C:\Program Files\Cloudflare\Cloudflare WARP\;C:\Users\hornr\.cargo\bin;C:\Ruby31-x64\bin;C:\Program Files\MySQL\MySQL Shell 8.0\bin\;C:\Users\hornr\AppData\Local\Microsoft\WindowsApps;C:\Microsoft VS Code\bin;C:\Users\hornr\.dotnet\tools;C:\Program Files\JetBrains\IntelliJ IDEA Community Edition 2022.3.2\bin;C:\Users\hornr\go\bin;C:\Users\hornr\AppData\Roaming\npm;C:\Program Files\JetBrains\CLion 2023.1.1\bin;C:\Program Files\JetBrains\PyCharm Community Edition 2023.2.4\bin;C:\Users\hornr\AppData\Roaming\nvm;C:\Program Files\nodejs;C:\Users\hornr\go\bin
USERNAME=hornr
OS=Windows_NT
PROCESSOR_IDENTIFIER=Intel64 Family 6 Model 142 Stepping 12, GenuineIntel



---------------  S Y S T E M  ---------------

OS:
 Windows 10 , 64 bit Build 19041 (10.0.19041.3636)
OS uptime: 0 days 2:13 hours

CPU: total 8 (initial active 8) (4 cores per cpu, 2 threads per core) family 6 model 142 stepping 12 microcode 0xca, cx8, cmov, fxsr, ht, mmx, 3dnowpref, sse, sse2, sse3, ssse3, sse4.1, sse4.2, popcnt, lzcnt, tsc, tscinvbit, avx, avx2, aes, erms, clmul, bmi1, bmi2, adx, fma, vzeroupper, clflush, clflushopt

Memory: 4k page, system-wide physical 16202M (2361M free)
TotalPageFile size 17802M (AvailPageFile size 41M)
current process WorkingSet (physical memory assigned to process): 591M, peak: 591M
current process commit charge ("private bytes"): 713M, peak: 823M

vm_info: Java HotSpot(TM) 64-Bit Server VM (17.0.6+9-LTS-190) for windows-amd64 JRE (17.0.6+9-LTS-190), built on Dec  6 2022 15:53:54 by "mach5one" with MS VC++ 17.1 (VS2022)

END.
